\BOOKMARK [0][-]{title.0}{\376\377\150\007\230\230\230\165}{}% 1
\BOOKMARK [0][-]{chapter*.1}{\376\377\116\055\145\207\162\110\201\364\214\042}{}% 2
\BOOKMARK [0][-]{chapter*.6}{\376\377\202\361\145\207\162\110\201\364\214\042}{}% 3
\BOOKMARK [0][-]{chapter*.7}{\376\377\122\115\212\000}{}% 4
\BOOKMARK [0][-]{chapter*.8}{\376\377\166\356\137\125}{}% 5
\BOOKMARK [0][-]{chapter.1}{\376\377\173\054\116\000\172\340\000\040\000\040\000L\000a\000T\000e\000X\000\040\166\204\127\372\147\054\151\202\137\365}{}% 6
\BOOKMARK [1][-]{section.1.1}{\376\377\0001\000.\0001\000\040\151\202\217\360}{chapter.1}% 7
\BOOKMARK [2][-]{subsection.1.1.1}{\376\377\0001\000.\0001\000.\0001\000\040\000T\000e\000X}{section.1.1}% 8
\BOOKMARK [2][-]{subsection.1.1.2}{\376\377\0001\000.\0001\000.\0002\000\040\000L\000a\000T\000e\000X}{section.1.1}% 9
\BOOKMARK [2][-]{subsection.1.1.3}{\376\377\0001\000.\0001\000.\0003\000\040\000L\000a\000T\000e\000X\000\040\166\204\117\030\177\072\160\271}{section.1.1}% 10
\BOOKMARK [2][-]{subsection.1.1.4}{\376\377\0001\000.\0001\000.\0004\000\040\124\175\116\344\210\114\127\372\170\100}{section.1.1}% 11
\BOOKMARK [1][-]{section.1.2}{\376\377\0001\000.\0002\000\040\173\054\116\000\153\041\117\177\165\050\000\040\000L\000a\000T\000e\000X}{chapter.1}% 12
\BOOKMARK [1][-]{section.1.3}{\376\377\0001\000.\0003\000\040\000L\000a\000T\000e\000X\000\040\124\175\116\344\124\214\116\343\170\001\176\323\147\204}{chapter.1}% 13
\BOOKMARK [2][-]{subsection.1.3.1}{\376\377\0001\000.\0003\000.\0001\000\040\000L\000a\000T\000e\000X\000\040\124\175\116\344\124\214\163\257\130\203}{section.1.3}% 14
\BOOKMARK [2][-]{subsection.1.3.2}{\376\377\0001\000.\0003\000.\0002\000\040\000L\000a\000T\000e\000X\000\040\156\220\116\343\170\001\176\323\147\204}{section.1.3}% 15
\BOOKMARK [1][-]{section.1.4}{\376\377\0001\000.\0004\000\040\000L\000a\000T\000e\000X\000\040\133\217\123\005\124\214\145\207\150\143\174\173}{chapter.1}% 16
\BOOKMARK [2][-]{subsection.1.4.1}{\376\377\0001\000.\0004\000.\0001\000\040\145\207\150\143\174\173}{section.1.4}% 17
\BOOKMARK [2][-]{subsection.1.4.2}{\376\377\0001\000.\0004\000.\0002\000\040\133\217\123\005}{section.1.4}% 18
\BOOKMARK [1][-]{section.1.5}{\376\377\0001\000.\0005\000\040\000L\000a\000T\000e\000X\000\040\165\050\122\060\166\204\145\207\116\366\116\000\211\310}{chapter.1}% 19
\BOOKMARK [1][-]{section.1.6}{\376\377\0001\000.\0006\000\040\145\207\116\366\166\204\176\304\176\307\145\271\137\017}{chapter.1}% 20
\BOOKMARK [1][-]{section.1.7}{\376\377\0001\000.\0007\000\040\000L\000a\000T\000e\000X\000\040\124\214\000\040\000T\000e\000X\000\040\166\370\121\163\166\204\147\057\213\355\124\214\151\202\137\365}{chapter.1}% 21
\BOOKMARK [0][-]{chapter.2}{\376\377\173\054\116\214\172\340\000\040\000\040\165\050\000\040\000L\000a\000T\000e\000X\000\040\143\222\162\110\145\207\133\127}{}% 22
\BOOKMARK [1][-]{section.2.1}{\376\377\0002\000.\0001\000\040\213\355\212\000\145\207\133\127\124\214\177\026\170\001}{chapter.2}% 23
\BOOKMARK [2][-]{subsection.2.1.1}{\376\377\0002\000.\0001\000.\0001\000\040\000A\000S\000C\000I\000I\000\040\177\026\170\001}{section.2.1}% 24
\BOOKMARK [2][-]{subsection.2.1.2}{\376\377\0002\000.\0001\000.\0002\000\040\142\151\134\125\177\026\170\001}{section.2.1}% 25
\BOOKMARK [2][-]{subsection.2.1.3}{\376\377\0002\000.\0001\000.\0003\000\040\000U\000T\000F\000-\0008\000\040\177\026\170\001}{section.2.1}% 26
\BOOKMARK [1][-]{section.2.2}{\376\377\0002\000.\0002\000\040\143\222\162\110\116\055\145\207}{chapter.2}% 27
\BOOKMARK [1][-]{section.2.3}{\376\377\0002\000.\0003\000\040\000L\000a\000T\000e\000X\000\040\116\055\166\204\133\127\173\046}{chapter.2}% 28
\BOOKMARK [2][-]{subsection.2.3.1}{\376\377\0002\000.\0003\000.\0001\000\040\172\172\150\074\124\214\122\006\153\265}{section.2.3}% 29
\BOOKMARK [2][-]{subsection.2.3.2}{\376\377\0002\000.\0003\000.\0002\000\040\154\350\221\312}{section.2.3}% 30
\BOOKMARK [2][-]{subsection.2.3.3}{\376\377\0002\000.\0003\000.\0003\000\040\162\171\153\212\133\127\173\046}{section.2.3}% 31
\BOOKMARK [2][-]{subsection.2.3.4}{\376\377\0002\000.\0003\000.\0004\000\040\217\336\133\127}{section.2.3}% 32
\BOOKMARK [2][-]{subsection.2.3.5}{\376\377\0002\000.\0003\000.\0005\000\040\150\007\160\271\173\046\123\367}{section.2.3}% 33
\BOOKMARK [2][-]{subsection.2.3.6}{\376\377\0002\000.\0003\000.\0006\000\040\142\311\116\001\145\207\142\151\134\125\116\016\221\315\227\363}{section.2.3}% 34
\BOOKMARK [2][-]{subsection.2.3.7}{\376\377\0002\000.\0003\000.\0007\000\040\121\166\133\203\173\046\123\367}{section.2.3}% 35
\BOOKMARK [2][-]{subsection.2.3.8}{\376\377\0002\000.\0003\000.\0008\000\040\000L\000a\000T\000e\000X\000\040\150\007\137\327}{section.2.3}% 36
\BOOKMARK [1][-]{section.2.4}{\376\377\0002\000.\0004\000\040\145\255\210\114\124\214\145\255\230\165}{chapter.2}% 37
\BOOKMARK [2][-]{subsection.2.4.1}{\376\377\0002\000.\0004\000.\0001\000\040\123\125\213\315\225\364\215\335}{section.2.4}% 38
\BOOKMARK [2][-]{subsection.2.4.2}{\376\377\0002\000.\0004\000.\0002\000\040\142\113\122\250\145\255\210\114\124\214\145\255\230\165}{section.2.4}% 39
\BOOKMARK [2][-]{subsection.2.4.3}{\376\377\0002\000.\0004\000.\0003\000\040\145\255\213\315}{section.2.4}% 40
\BOOKMARK [0][-]{chapter.3}{\376\377\173\054\116\011\172\340\000\040\000\040\145\207\150\143\121\103\175\040}{}% 41
\BOOKMARK [1][-]{section.3.1}{\376\377\0003\000.\0001\000\040\172\340\202\202\124\214\166\356\137\125}{chapter.3}% 42
\BOOKMARK [2][-]{subsection.3.1.1}{\376\377\0003\000.\0001\000.\0001\000\040\172\340\202\202\150\007\230\230}{section.3.1}% 43
\BOOKMARK [2][-]{subsection.3.1.2}{\376\377\0003\000.\0001\000.\0002\000\040\166\356\137\125}{section.3.1}% 44
\BOOKMARK [2][-]{subsection.3.1.3}{\376\377\0003\000.\0001\000.\0003\000\040\145\207\150\143\176\323\147\204\166\204\122\022\122\006}{section.3.1}% 45
\BOOKMARK [1][-]{section.3.2}{\376\377\0003\000.\0002\000\040\150\007\230\230\230\165}{chapter.3}% 46
\BOOKMARK [1][-]{section.3.3}{\376\377\0003\000.\0003\000\040\116\244\123\311\137\025\165\050}{chapter.3}% 47
\BOOKMARK [1][-]{section.3.4}{\376\377\0003\000.\0004\000\040\201\032\154\350\124\214\217\271\154\350}{chapter.3}% 48
\BOOKMARK [1][-]{section.3.5}{\376\377\0003\000.\0005\000\040\162\171\153\212\163\257\130\203}{chapter.3}% 49
\BOOKMARK [2][-]{subsection.3.5.1}{\376\377\0003\000.\0005\000.\0001\000\040\122\027\210\150}{section.3.5}% 50
\BOOKMARK [2][-]{subsection.3.5.2}{\376\377\0003\000.\0005\000.\0002\000\040\133\371\237\120\163\257\130\203}{section.3.5}% 51
\BOOKMARK [2][-]{subsection.3.5.3}{\376\377\0003\000.\0005\000.\0003\000\040\137\025\165\050\163\257\130\203}{section.3.5}% 52
\BOOKMARK [2][-]{subsection.3.5.4}{\376\377\0003\000.\0005\000.\0004\000\040\144\130\211\201\163\257\130\203}{section.3.5}% 53
\BOOKMARK [2][-]{subsection.3.5.5}{\376\377\0003\000.\0005\000.\0005\000\040\116\343\170\001\163\257\130\203}{section.3.5}% 54
\BOOKMARK [1][-]{section.3.6}{\376\377\0003\000.\0006\000\040\210\150\150\074}{chapter.3}% 55
\BOOKMARK [2][-]{subsection.3.6.1}{\376\377\0003\000.\0006\000.\0001\000\040\122\027\150\074\137\017}{section.3.6}% 56
\BOOKMARK [2][-]{subsection.3.6.2}{\376\377\0003\000.\0006\000.\0002\000\040\122\027\133\275}{section.3.6}% 57
\BOOKMARK [2][-]{subsection.3.6.3}{\376\377\0003\000.\0006\000.\0003\000\040\152\052\176\277}{section.3.6}% 58
\BOOKMARK [2][-]{subsection.3.6.4}{\376\377\0003\000.\0006\000.\0004\000\040\124\010\136\166\123\125\121\103\150\074}{section.3.6}% 59
\BOOKMARK [2][-]{subsection.3.6.5}{\376\377\0003\000.\0006\000.\0005\000\040\135\114\131\127\210\150\150\074}{section.3.6}% 60
\BOOKMARK [2][-]{subsection.3.6.6}{\376\377\0003\000.\0006\000.\0006\000\040\210\114\215\335\143\247\122\066}{section.3.6}% 61
\BOOKMARK [1][-]{section.3.7}{\376\377\0003\000.\0007\000\040\126\376\162\107}{chapter.3}% 62
\BOOKMARK [1][-]{section.3.8}{\376\377\0003\000.\0008\000\040\166\322\133\120}{chapter.3}% 63
\BOOKMARK [2][-]{subsection.3.8.1}{\376\377\0003\000.\0008\000.\0001\000\040\154\064\136\163\166\322\133\120}{section.3.8}% 64
\BOOKMARK [2][-]{subsection.3.8.2}{\376\377\0003\000.\0008\000.\0002\000\040\136\046\150\106\166\204\154\064\136\163\166\322\133\120}{section.3.8}% 65
\BOOKMARK [2][-]{subsection.3.8.3}{\376\377\0003\000.\0008\000.\0003\000\040\127\202\166\364\166\322\133\120}{section.3.8}% 66
\BOOKMARK [2][-]{subsection.3.8.4}{\376\377\0003\000.\0008\000.\0004\000\040\150\007\134\072\166\322\133\120}{section.3.8}% 67
\BOOKMARK [1][-]{section.3.9}{\376\377\0003\000.\0009\000\040\155\156\122\250\117\123}{chapter.3}% 68
\BOOKMARK [2][-]{subsection.3.9.1}{\376\377\0003\000.\0009\000.\0001\000\040\155\156\122\250\117\123\166\204\150\007\230\230}{section.3.9}% 69
\BOOKMARK [2][-]{subsection.3.9.2}{\376\377\0003\000.\0009\000.\0002\000\040\136\166\143\222\124\214\133\120\126\376\210\150}{section.3.9}% 70
\BOOKMARK [0][-]{chapter.4}{\376\377\173\054\126\333\172\340\000\040\000\040\143\222\162\110\145\160\133\146\121\154\137\017}{}% 71
\BOOKMARK [1][-]{section.4.1}{\376\377\0004\000.\0001\000\040\000A\000m\000S\000\040\133\217\226\306}{chapter.4}% 72
\BOOKMARK [1][-]{section.4.2}{\376\377\0004\000.\0002\000\040\121\154\137\017\143\222\162\110\127\372\170\100}{chapter.4}% 73
\BOOKMARK [2][-]{subsection.4.2.1}{\376\377\0004\000.\0002\000.\0001\000\040\210\114\121\205\124\214\210\114\225\364\121\154\137\017}{section.4.2}% 74
\BOOKMARK [2][-]{subsection.4.2.2}{\376\377\0004\000.\0002\000.\0002\000\040\145\160\133\146\152\041\137\017}{section.4.2}% 75
\BOOKMARK [1][-]{section.4.3}{\376\377\0004\000.\0003\000\040\145\160\133\146\173\046\123\367}{chapter.4}% 76
\BOOKMARK [2][-]{subsection.4.3.1}{\376\377\0004\000.\0003\000.\0001\000\040\116\000\202\054\173\046\123\367}{section.4.3}% 77
\BOOKMARK [2][-]{subsection.4.3.2}{\376\377\0004\000.\0003\000.\0002\000\040\143\007\145\160\060\001\116\012\116\013\150\007\124\214\133\374\145\160}{section.4.3}% 78
\BOOKMARK [2][-]{subsection.4.3.3}{\376\377\0004\000.\0003\000.\0003\000\040\122\006\137\017\124\214\150\071\137\017}{section.4.3}% 79
\BOOKMARK [2][-]{subsection.4.3.4}{\376\377\0004\000.\0003\000.\0004\000\040\121\163\174\373\173\046}{section.4.3}% 80
\BOOKMARK [2][-]{subsection.4.3.5}{\376\377\0004\000.\0003\000.\0005\000\040\173\227\173\046}{section.4.3}% 81
\BOOKMARK [2][-]{subsection.4.3.6}{\376\377\0004\000.\0003\000.\0006\000\040\135\350\173\227\173\046}{section.4.3}% 82
\BOOKMARK [2][-]{subsection.4.3.7}{\376\377\0004\000.\0003\000.\0007\000\040\145\160\133\146\221\315\227\363\124\214\116\012\116\013\142\354\123\367}{section.4.3}% 83
\BOOKMARK [2][-]{subsection.4.3.8}{\376\377\0004\000.\0003\000.\0008\000\040\173\255\131\064}{section.4.3}% 84
\BOOKMARK [2][-]{subsection.4.3.9}{\376\377\0004\000.\0003\000.\0009\000\040\142\354\123\367\124\214\133\232\165\114\173\046}{section.4.3}% 85
\BOOKMARK [1][-]{section.4.4}{\376\377\0004\000.\0004\000\040\131\032\210\114\121\154\137\017}{chapter.4}% 86
\BOOKMARK [2][-]{subsection.4.4.1}{\376\377\0004\000.\0004\000.\0001\000\040\225\177\121\154\137\017\142\230\210\114}{section.4.4}% 87
\BOOKMARK [2][-]{subsection.4.4.2}{\376\377\0004\000.\0004\000.\0002\000\040\131\032\210\114\121\154\137\017}{section.4.4}% 88
\BOOKMARK [2][-]{subsection.4.4.3}{\376\377\0004\000.\0004\000.\0003\000\040\121\154\165\050\177\026\123\367\166\204\131\032\210\114\121\154\137\017}{section.4.4}% 89
\BOOKMARK [1][-]{section.4.5}{\376\377\0004\000.\0005\000\040\145\160\176\304\124\214\167\351\226\065}{chapter.4}% 90
\BOOKMARK [1][-]{section.4.6}{\376\377\0004\000.\0006\000\040\121\154\137\017\116\055\166\204\225\364\215\335}{chapter.4}% 91
\BOOKMARK [1][-]{section.4.7}{\376\377\0004\000.\0007\000\040\145\160\133\146\173\046\123\367\166\204\133\127\117\123\143\247\122\066}{chapter.4}% 92
\BOOKMARK [2][-]{subsection.4.7.1}{\376\377\0004\000.\0007\000.\0001\000\040\145\160\133\146\133\127\153\315\133\127\117\123}{section.4.7}% 93
\BOOKMARK [2][-]{subsection.4.7.2}{\376\377\0004\000.\0007\000.\0002\000\040\122\240\174\227\166\204\145\160\133\146\173\046\123\367}{section.4.7}% 94
\BOOKMARK [2][-]{subsection.4.7.3}{\376\377\0004\000.\0007\000.\0003\000\040\145\160\133\146\173\046\123\367\166\204\134\072\133\370}{section.4.7}% 95
\BOOKMARK [1][-]{section.4.8}{\376\377\0004\000.\0008\000\040\133\232\164\006\163\257\130\203}{chapter.4}% 96
\BOOKMARK [2][-]{subsection.4.8.1}{\376\377\0004\000.\0008\000.\0001\000\040\000L\000a\000T\000e\000X\000\040\123\237\131\313\166\204\133\232\164\006\163\257\130\203}{section.4.8}% 97
\BOOKMARK [2][-]{subsection.4.8.2}{\376\377\0004\000.\0008\000.\0002\000\040\000a\000m\000s\000t\000h\000m\000\040\133\217\123\005}{section.4.8}% 98
\BOOKMARK [2][-]{subsection.4.8.3}{\376\377\0004\000.\0008\000.\0003\000\040\213\301\146\016\163\257\130\203\124\214\213\301\153\325\173\046\123\367}{section.4.8}% 99
\BOOKMARK [1][-]{section.4.9}{\376\377\0004\000.\0009\000\040\173\046\123\367\210\150}{chapter.4}% 100
\BOOKMARK [2][-]{subsection.4.9.1}{\376\377\0004\000.\0009\000.\0001\000\040\000L\000a\000T\000e\000X\000\040\146\156\220\032\173\046\123\367}{section.4.9}% 101
\BOOKMARK [2][-]{subsection.4.9.2}{\376\377\0004\000.\0009\000.\0002\000\040\000A\000m\000S\000\040\173\046\123\367}{section.4.9}% 102
\BOOKMARK [0][-]{chapter.5}{\376\377\173\054\116\224\172\340\000\040\000\040\143\222\162\110\150\067\137\017\213\276\133\232}{}% 103
\BOOKMARK [1][-]{section.5.1}{\376\377\0005\000.\0001\000\040\133\127\117\123\124\214\133\127\123\367}{chapter.5}% 104
\BOOKMARK [2][-]{subsection.5.1.1}{\376\377\0005\000.\0001\000.\0001\000\040\133\127\117\123\150\067\137\017}{section.5.1}% 105
\BOOKMARK [2][-]{subsection.5.1.2}{\376\377\0005\000.\0001\000.\0002\000\040\133\127\123\367}{section.5.1}% 106
\BOOKMARK [2][-]{subsection.5.1.3}{\376\377\0005\000.\0001\000.\0003\000\040\220\011\165\050\133\127\117\123\133\217\123\005}{section.5.1}% 107
\BOOKMARK [2][-]{subsection.5.1.4}{\376\377\0005\000.\0001\000.\0004\000\040\133\127\117\123\177\026\170\001}{section.5.1}% 108
\BOOKMARK [2][-]{subsection.5.1.5}{\376\377\0005\000.\0001\000.\0005\000\040\117\177\165\050\000\040\000f\000o\000n\000t\000s\000p\000e\000c\000\040\133\217\123\005\146\364\145\071\133\127\117\123}{section.5.1}% 109
\BOOKMARK [2][-]{subsection.5.1.6}{\376\377\0005\000.\0001\000.\0006\000\040\127\050\000\040\000c\000t\000e\000x\000\040\133\217\123\005\142\026\145\207\150\143\174\173\116\055\146\364\145\071\116\055\145\207\133\127\117\123}{section.5.1}% 110
\BOOKMARK [2][-]{subsection.5.1.7}{\376\377\0005\000.\0001\000.\0007\000\040\117\177\165\050\000\040\000u\000n\000i\000c\000o\000d\000e\000-\000m\000a\000t\000h\000\040\133\217\123\005\221\115\177\156\000\040\000U\000n\000i\000c\000o\000d\000e\000\040\145\160\133\146\133\127\117\123}{section.5.1}% 111
\BOOKMARK [1][-]{section.5.2}{\376\377\0005\000.\0002\000\040\145\207\133\127\210\305\231\160\124\214\137\072\214\003}{chapter.5}% 112
\BOOKMARK [1][-]{section.5.3}{\376\377\0005\000.\0003\000\040\153\265\204\075\150\074\137\017\124\214\225\364\215\335}{chapter.5}% 113
\BOOKMARK [2][-]{subsection.5.3.1}{\376\377\0005\000.\0003\000.\0001\000\040\225\177\136\246\124\214\225\177\136\246\123\330\221\317}{section.5.3}% 114
\BOOKMARK [2][-]{subsection.5.3.2}{\376\377\0005\000.\0003\000.\0002\000\040\210\114\215\335}{section.5.3}% 115
\BOOKMARK [2][-]{subsection.5.3.3}{\376\377\0005\000.\0003\000.\0003\000\040\153\265\204\075\150\074\137\017}{section.5.3}% 116
\BOOKMARK [2][-]{subsection.5.3.4}{\376\377\0005\000.\0003\000.\0004\000\040\154\064\136\163\225\364\215\335}{section.5.3}% 117
\BOOKMARK [2][-]{subsection.5.3.5}{\376\377\0005\000.\0003\000.\0005\000\040\127\202\166\364\225\364\215\335}{section.5.3}% 118
\BOOKMARK [1][-]{section.5.4}{\376\377\0005\000.\0004\000\040\230\165\227\142\124\214\122\006\150\017}{chapter.5}% 119
\BOOKMARK [2][-]{subsection.5.4.1}{\376\377\0005\000.\0004\000.\0001\000\040\122\051\165\050\000\040\000g\000e\000o\000m\000e\000t\000r\000y\000\040\133\217\123\005\213\276\177\156\230\165\227\142\123\302\145\160}{section.5.4}% 120
\BOOKMARK [2][-]{subsection.5.4.2}{\376\377\0005\000.\0004\000.\0002\000\040\230\165\227\142\121\205\133\271\166\204\127\202\166\364\133\371\237\120}{section.5.4}% 121
\BOOKMARK [2][-]{subsection.5.4.3}{\376\377\0005\000.\0004\000.\0003\000\040\122\006\150\017}{section.5.4}% 122
\BOOKMARK [1][-]{section.5.5}{\376\377\0005\000.\0005\000\040\230\165\167\011\230\165\201\032}{chapter.5}% 123
\BOOKMARK [2][-]{subsection.5.5.1}{\376\377\0005\000.\0005\000.\0001\000\040\127\372\147\054\166\204\230\165\167\011\230\165\201\032\150\067\137\017}{section.5.5}% 124
\BOOKMARK [2][-]{subsection.5.5.2}{\376\377\0005\000.\0005\000.\0002\000\040\142\113\122\250\146\364\145\071\230\165\167\011\230\165\201\032\166\204\121\205\133\271}{section.5.5}% 125
\BOOKMARK [2][-]{subsection.5.5.3}{\376\377\0005\000.\0005\000.\0003\000\040\000f\000a\000n\000c\000y\000h\000d\000r\000\040\133\217\123\005}{section.5.5}% 126
\BOOKMARK [0][-]{chapter.6}{\376\377\173\054\121\155\172\340\000\040\000\040\162\171\202\162\135\345\121\167\124\214\122\237\200\375}{}% 127
\BOOKMARK [1][-]{section.6.1}{\376\377\0006\000.\0001\000\040\123\302\200\003\145\207\163\056\124\214\000\040\000B\000i\000b\000T\000e\000X\000\040\135\345\121\167}{chapter.6}% 128
\BOOKMARK [2][-]{subsection.6.1.1}{\376\377\0006\000.\0001\000.\0001\000\040\127\372\147\054\166\204\123\302\200\003\145\207\163\056\124\214\137\025\165\050}{section.6.1}% 129
\BOOKMARK [2][-]{subsection.6.1.2}{\376\377\0006\000.\0001\000.\0002\000\040\000B\000i\000b\000T\000e\000X\000\040\145\160\143\156\136\223}{section.6.1}% 130
\BOOKMARK [2][-]{subsection.6.1.3}{\376\377\0006\000.\0001\000.\0003\000\040\000B\000i\000b\000T\000e\000X\000\040\150\067\137\017}{section.6.1}% 131
\BOOKMARK [2][-]{subsection.6.1.4}{\376\377\0006\000.\0001\000.\0004\000\040\117\177\165\050\000\040\000B\000i\000b\000T\000e\000X\000\040\143\222\162\110\123\302\200\003\145\207\163\056}{section.6.1}% 132
\BOOKMARK [2][-]{subsection.6.1.5}{\376\377\0006\000.\0001\000.\0005\000\040\000n\000a\000t\000b\000i\000b\000\040\133\217\123\005}{section.6.1}% 133
\BOOKMARK [2][-]{subsection.6.1.6}{\376\377\0006\000.\0001\000.\0006\000\040\000b\000i\000b\000l\000a\000t\000e\000x\000\040\133\217\123\005}{section.6.1}% 134
\BOOKMARK [1][-]{section.6.2}{\376\377\0006\000.\0002\000\040\175\042\137\025\124\214\000\040\000m\000a\000k\000e\000i\000n\000d\000e\000x\000\040\135\345\121\167}{chapter.6}% 135
\BOOKMARK [2][-]{subsection.6.2.1}{\376\377\0006\000.\0002\000.\0001\000\040\117\177\165\050\000\040\000m\000a\000k\000e\000i\000n\000d\000e\000x\000\040\135\345\121\167\166\204\145\271\154\325}{section.6.2}% 136
\BOOKMARK [2][-]{subsection.6.2.2}{\376\377\0006\000.\0002\000.\0002\000\040\175\042\137\025\230\171\166\204\121\231\154\325}{section.6.2}% 137
\BOOKMARK [1][-]{section.6.3}{\376\377\0006\000.\0003\000\040\117\177\165\050\230\234\202\162}{chapter.6}% 138
\BOOKMARK [2][-]{subsection.6.3.1}{\376\377\0006\000.\0003\000.\0001\000\040\230\234\202\162\166\204\210\150\217\276\145\271\137\017}{section.6.3}% 139
\BOOKMARK [2][-]{subsection.6.3.2}{\376\377\0006\000.\0003\000.\0002\000\040\136\046\230\234\202\162\166\204\145\207\147\054\124\214\166\322\133\120}{section.6.3}% 140
\BOOKMARK [1][-]{section.6.4}{\376\377\0006\000.\0004\000\040\117\177\165\050\215\205\224\376\143\245}{chapter.6}% 141
\BOOKMARK [2][-]{subsection.6.4.1}{\376\377\0006\000.\0004\000.\0001\000\040\000h\000y\000p\000e\000r\000r\000e\000f\000\040\133\217\123\005}{section.6.4}% 142
\BOOKMARK [2][-]{subsection.6.4.2}{\376\377\0006\000.\0004\000.\0002\000\040\215\205\224\376\143\245}{section.6.4}% 143
\BOOKMARK [2][-]{subsection.6.4.3}{\376\377\0006\000.\0004\000.\0003\000\040\000P\000D\000F\000\040\116\146\173\176}{section.6.4}% 144
\BOOKMARK [2][-]{subsection.6.4.4}{\376\377\0006\000.\0004\000.\0004\000\040\000P\000D\000F\000\040\145\207\150\143\134\136\140\047}{section.6.4}% 145
\BOOKMARK [0][-]{chapter.7}{\376\377\173\054\116\003\172\340\000\040\000\040\176\330\126\376\122\237\200\375}{}% 146
\BOOKMARK [1][-]{section.7.1}{\376\377\0007\000.\0001\000\040\176\330\126\376\213\355\212\000\173\200\116\313}{chapter.7}% 147
\BOOKMARK [1][-]{section.7.2}{\376\377\0007\000.\0002\000\040\000T\000i\000k\000Z\000\040\176\330\126\376\213\355\212\000}{chapter.7}% 148
\BOOKMARK [2][-]{subsection.7.2.1}{\376\377\0007\000.\0002\000.\0001\000\040\000T\000i\000k\000Z\000\040\127\120\150\007\124\214\215\357\137\204}{section.7.2}% 149
\BOOKMARK [2][-]{subsection.7.2.2}{\376\377\0007\000.\0002\000.\0002\000\040\000T\000i\000k\000Z\000\040\176\330\126\376\124\175\116\344\124\214\123\302\145\160}{section.7.2}% 150
\BOOKMARK [2][-]{subsection.7.2.3}{\376\377\0007\000.\0002\000.\0003\000\040\000T\000i\000k\000Z\000\040\145\207\133\127\176\323\160\271}{section.7.2}% 151
\BOOKMARK [2][-]{subsection.7.2.4}{\376\377\0007\000.\0002\000.\0004\000\040\127\050\000\040\000T\000i\000k\000Z\000\040\116\055\117\177\165\050\137\252\163\257}{section.7.2}% 152
\BOOKMARK [0][-]{chapter.8}{\376\377\173\054\121\153\172\340\000\040\000\040\201\352\133\232\116\111\000\040\000L\000a\000T\000e\000X\000\040\124\175\116\344\124\214\122\237\200\375}{}% 153
\BOOKMARK [1][-]{section.8.1}{\376\377\0008\000.\0001\000\040\201\352\133\232\116\111\124\175\116\344\124\214\163\257\130\203}{chapter.8}% 154
\BOOKMARK [2][-]{subsection.8.1.1}{\376\377\0008\000.\0001\000.\0001\000\040\133\232\116\111\145\260\124\175\116\344}{section.8.1}% 155
\BOOKMARK [2][-]{subsection.8.1.2}{\376\377\0008\000.\0001\000.\0002\000\040\133\232\116\111\163\257\130\203}{section.8.1}% 156
\BOOKMARK [2][-]{subsection.8.1.3}{\376\377\0008\000.\0001\000.\0003\000\040\000x\000p\000a\000r\000s\000e\000\040\133\217\123\005\173\200\116\313}{section.8.1}% 157
\BOOKMARK [1][-]{section.8.2}{\376\377\0008\000.\0002\000\040\177\026\121\231\201\352\135\361\166\204\133\217\123\005\124\214\145\207\150\143\174\173}{chapter.8}% 158
\BOOKMARK [2][-]{subsection.8.2.1}{\376\377\0008\000.\0002\000.\0001\000\040\177\026\121\231\173\200\123\125\166\204\133\217\123\005}{section.8.2}% 159
\BOOKMARK [2][-]{subsection.8.2.2}{\376\377\0008\000.\0002\000.\0002\000\040\127\050\133\217\123\005\116\055\214\003\165\050\121\166\133\203\133\217\123\005}{section.8.2}% 160
\BOOKMARK [2][-]{subsection.8.2.3}{\376\377\0008\000.\0002\000.\0003\000\040\177\026\121\231\201\352\135\361\166\204\145\207\150\143\174\173}{section.8.2}% 161
\BOOKMARK [1][-]{section.8.3}{\376\377\0008\000.\0003\000\040\213\241\145\160\126\150}{chapter.8}% 162
\BOOKMARK [2][-]{subsection.8.3.1}{\376\377\0008\000.\0003\000.\0001\000\040\133\232\116\111\124\214\117\356\145\071\213\241\145\160\126\150}{section.8.3}% 163
\BOOKMARK [2][-]{subsection.8.3.2}{\376\377\0008\000.\0003\000.\0002\000\040\213\241\145\160\126\150\166\204\217\223\121\372\150\074\137\017}{section.8.3}% 164
\BOOKMARK [2][-]{subsection.8.3.3}{\376\377\0008\000.\0003\000.\0003\000\040\000L\000a\000T\000e\000X\000\040\116\055\166\204\213\241\145\160\126\150}{section.8.3}% 165
\BOOKMARK [1][-]{section.8.4}{\376\377\0008\000.\0004\000\040\000L\000a\000T\000e\000X\000\040\123\357\133\232\122\066\166\204\116\000\116\233\124\175\116\344\124\214\123\302\145\160}{chapter.8}% 166
\BOOKMARK [0][-]{appendix.A}{\376\377\226\104\137\125\000\040\000A\000\040\000\040\133\211\210\305\000\040\000T\000e\000X\000\040\123\321\210\114\162\110}{}% 167
\BOOKMARK [1][-]{section.A.1}{\376\377\000A\000.\0001\000\040\000T\000e\000X\000\040\123\321\210\114\162\110\173\200\116\313}{appendix.A}% 168
\BOOKMARK [2][-]{subsection.A.1.1}{\376\377\000A\000.\0001\000.\0001\000\040\133\211\210\305\123\321\210\114\162\110}{section.A.1}% 169
\BOOKMARK [1][-]{section.A.2}{\376\377\000A\000.\0002\000\040\133\211\210\305\124\214\146\364\145\260\133\217\123\005}{appendix.A}% 170
\BOOKMARK [2][-]{subsection.A.2.1}{\376\377\000A\000.\0002\000.\0001\000\040\142\113\122\250\133\211\210\305\133\217\123\005}{section.A.2}% 171
\BOOKMARK [0][-]{appendix.B}{\376\377\226\104\137\125\000\040\000B\000\040\000\040\143\222\226\144\225\031\213\357\060\001\133\373\154\102\136\056\122\251}{}% 172
\BOOKMARK [1][-]{section.B.1}{\376\377\000B\000.\0001\000\040\000L\000a\000T\000e\000X\000\040\225\031\213\357}{appendix.B}% 173
\BOOKMARK [1][-]{section.B.2}{\376\377\000B\000.\0002\000\040\147\345\142\176\136\056\122\251\145\207\150\143}{appendix.B}% 174
\BOOKMARK [1][-]{section.B.3}{\376\377\000B\000.\0003\000\040\136\070\165\050\133\217\123\005\173\200\116\313}{appendix.B}% 175
\BOOKMARK [2][-]{subsection.B.3.1}{\376\377\000B\000.\0003\000.\0001\000\040\145\207\133\127\060\001\121\154\137\017\124\214\173\046\123\367}{section.B.3}% 176
\BOOKMARK [2][-]{subsection.B.3.2}{\376\377\000B\000.\0003\000.\0002\000\040\143\222\162\110\121\103\175\040}{section.B.3}% 177
\BOOKMARK [2][-]{subsection.B.3.3}{\376\377\000B\000.\0003\000.\0003\000\040\126\376\210\150\124\214\155\156\122\250\117\123}{section.B.3}% 178
\BOOKMARK [2][-]{subsection.B.3.4}{\376\377\000B\000.\0003\000.\0004\000\040\117\356\145\071\162\110\137\017}{section.B.3}% 179
\BOOKMARK [0][-]{appendix*.73}{\376\377\123\302\200\003\145\207\163\056}{}% 180
\BOOKMARK [0][-]{appendix*.74}{\376\377\000G\000N\000U\000\040\000F\000r\000e\000e\000\040\000D\000o\000c\000u\000m\000e\000n\000t\000a\000t\000i\000o\000n\000\040\000L\000i\000c\000e\000n\000s\000e}{}% 181
