This is XeTeX, Version 3.141592653-2.6-0.999995 (TeX Live 2023) (preloaded format=xelatex 2023.7.20)  3 APR 2024 15:11
entering extended mode
 restricted \write18 enabled.
 file:line:error style messages enabled.
 %&-line parsing enabled.
**/Users/gzh/Desktop/oooo/Learning/Zju/数学软件/textbooks/chinese/src/lshort-zh-cn
(/Users/gzh/Desktop/oooo/Learning/Zju/数学软件/textbooks/chinese/src/lshort-zh-cn.tex
LaTeX2e <2022-11-01> patch level 1
L3 programming layer <2023-02-22> (/usr/local/texlive/2023/texmf-dist/tex/latex/base/book.cls
Document Class: book 2022/07/02 v1.4n Standard LaTeX document class
(/usr/local/texlive/2023/texmf-dist/tex/latex/base/bk10.clo
File: bk10.clo 2022/07/02 v1.4n Standard LaTeX file (size option)
)
\c@part=\count181
\c@chapter=\count182
\c@section=\count183
\c@subsection=\count184
\c@subsubsection=\count185
\c@paragraph=\count186
\c@subparagraph=\count187
\c@figure=\count188
\c@table=\count189
\abovecaptionskip=\skip48
\belowcaptionskip=\skip49
\bibindent=\dimen140
) (./lshort-zh-cn-style.sty
Package: lshort-zh-cn-style 
 (/usr/local/texlive/2023/texmf-dist/tex/latex/amsmath/amsmath.sty
Package: amsmath 2022/04/08 v2.17n AMS math features
\@mathmargin=\skip50

For additional information on amsmath, use the `?' option.
(/usr/local/texlive/2023/texmf-dist/tex/latex/amsmath/amstext.sty
Package: amstext 2021/08/26 v2.01 AMS text
 (/usr/local/texlive/2023/texmf-dist/tex/latex/amsmath/amsgen.sty
File: amsgen.sty 1999/11/30 v2.0 generic functions
\@emptytoks=\toks16
\ex@=\dimen141
)) (/usr/local/texlive/2023/texmf-dist/tex/latex/amsmath/amsbsy.sty
Package: amsbsy 1999/11/29 v1.2d Bold Symbols
\pmbraise@=\dimen142
) (/usr/local/texlive/2023/texmf-dist/tex/latex/amsmath/amsopn.sty
Package: amsopn 2022/04/08 v2.04 operator names
)
\inf@bad=\count190
LaTeX Info: Redefining \frac on input line 234.
\uproot@=\count191
\leftroot@=\count192
LaTeX Info: Redefining \overline on input line 399.
LaTeX Info: Redefining \colon on input line 410.
\classnum@=\count193
\DOTSCASE@=\count194
LaTeX Info: Redefining \ldots on input line 496.
LaTeX Info: Redefining \dots on input line 499.
LaTeX Info: Redefining \cdots on input line 620.
\Mathstrutbox@=\box51
\strutbox@=\box52
LaTeX Info: Redefining \big on input line 722.
LaTeX Info: Redefining \Big on input line 723.
LaTeX Info: Redefining \bigg on input line 724.
LaTeX Info: Redefining \Bigg on input line 725.
\big@size=\dimen143
LaTeX Font Info:    Redeclaring font encoding OML on input line 743.
LaTeX Font Info:    Redeclaring font encoding OMS on input line 744.
\macc@depth=\count195
LaTeX Info: Redefining \bmod on input line 905.
LaTeX Info: Redefining \pmod on input line 910.
LaTeX Info: Redefining \smash on input line 940.
LaTeX Info: Redefining \relbar on input line 970.
LaTeX Info: Redefining \Relbar on input line 971.
\c@MaxMatrixCols=\count196
\dotsspace@=\muskip16
\c@parentequation=\count197
\dspbrk@lvl=\count198
\tag@help=\toks17
\row@=\count199
\column@=\count266
\maxfields@=\count267
\andhelp@=\toks18
\eqnshift@=\dimen144
\alignsep@=\dimen145
\tagshift@=\dimen146
\tagwidth@=\dimen147
\totwidth@=\dimen148
\lineht@=\dimen149
\@envbody=\toks19
\multlinegap=\skip51
\multlinetaggap=\skip52
\mathdisplay@stack=\toks20
LaTeX Info: Redefining \[ on input line 2953.
LaTeX Info: Redefining \] on input line 2954.
) (/usr/local/texlive/2023/texmf-dist/tex/latex/amscls/amsthm.sty
Package: amsthm 2020/05/29 v2.20.6
\thm@style=\toks21
\thm@bodyfont=\toks22
\thm@headfont=\toks23
\thm@notefont=\toks24
\thm@headpunct=\toks25
\thm@preskip=\skip53
\thm@postskip=\skip54
\thm@headsep=\skip55
\dth@everypar=\toks26
) (/usr/local/texlive/2023/texmf-dist/tex/latex/tools/bm.sty
Package: bm 2022/01/05 v1.2f Bold Symbol Support (DPC/FMi)
\symboldoperators=\mathgroup4
\symboldletters=\mathgroup5
\symboldsymbols=\mathgroup6
Package bm Info: No bold for \OMX/cmex/m/n, using \pmb.
LaTeX Font Info:    Redeclaring math alphabet \mathbf on input line 149.
) (/usr/local/texlive/2023/texmf-dist/tex/generic/hologo/hologo.sty
Package: hologo 2021-11-16 v1.15 A logo collection with bookmark support (HO)
 (/usr/local/texlive/2023/texmf-dist/tex/generic/ltxcmds/ltxcmds.sty
Package: ltxcmds 2020-05-10 v1.25 LaTeX kernel commands for general use (HO)
) (/usr/local/texlive/2023/texmf-dist/tex/generic/infwarerr/infwarerr.sty
Package: infwarerr 2019/12/03 v1.5 Providing info/warning/error messages (HO)
) (/usr/local/texlive/2023/texmf-dist/tex/latex/kvsetkeys/kvsetkeys.sty
Package: kvsetkeys 2022-10-05 v1.19 Key value parser (HO)
) (/usr/local/texlive/2023/texmf-dist/tex/generic/kvdefinekeys/kvdefinekeys.sty
Package: kvdefinekeys 2019-12-19 v1.6 Define keys (HO)
) (/usr/local/texlive/2023/texmf-dist/tex/generic/pdftexcmds/pdftexcmds.sty
Package: pdftexcmds 2020-06-27 v0.33 Utility functions of pdfTeX for LuaTeX (HO)
 (/usr/local/texlive/2023/texmf-dist/tex/generic/iftex/iftex.sty
Package: iftex 2022/02/03 v1.0f TeX engine tests
)
Package pdftexcmds Info: \pdf@primitive is available.
Package pdftexcmds Info: \pdf@ifprimitive is available.
Package pdftexcmds Info: \pdfdraftmode not found.
) (/usr/local/texlive/2023/texmf-dist/tex/latex/kvoptions/kvoptions.sty
Package: kvoptions 2022-06-15 v3.15 Key value format for package options (HO)
 (/usr/local/texlive/2023/texmf-dist/tex/latex/graphics/keyval.sty
Package: keyval 2022/05/29 v1.15 key=value parser (DPC)
\KV@toks@=\toks27
))
Package hologo Info: Using driver `xetex'.
) (/usr/local/texlive/2023/texmf-dist/tex/latex/tools/verbatim.sty
Package: verbatim 2022-07-02 v1.5u LaTeX2e package for verbatim enhancements
\every@verbatim=\toks28
\verbatim@line=\toks29
\verbatim@in@stream=\read2
) (/usr/local/texlive/2023/texmf-dist/tex/latex/fancyvrb/fancyvrb.sty
Package: fancyvrb 2023/01/19 4.5a verbatim text (tvz,hv)
\FV@CodeLineNo=\count268
\FV@InFile=\read3
\FV@TabBox=\box53
\c@FancyVerbLine=\count269
\FV@StepNumber=\count270
\FV@OutFile=\write3
) (/usr/local/texlive/2023/texmf-dist/tex/latex/tools/layout.sty
Package: layout 2021-03-10 v1.2e Show layout parameters
\oneinch=\count271
\cnt@paperwidth=\count272
\cnt@paperheight=\count273
\cnt@hoffset=\count274
\cnt@voffset=\count275
\cnt@textheight=\count276
\cnt@textwidth=\count277
\cnt@topmargin=\count278
\cnt@oddsidemargin=\count279
\cnt@evensidemargin=\count280
\cnt@headheight=\count281
\cnt@headsep=\count282
\cnt@marginparsep=\count283
\cnt@marginparwidth=\count284
\cnt@marginparpush=\count285
\cnt@footskip=\count286
\fheight=\count287
\ref@top=\count288
\ref@hoffset=\count289
\ref@voffset=\count290
\ref@head=\count291
\ref@body=\count292
\ref@foot=\count293
\ref@margin=\count294
\ref@marginwidth=\count295
\ref@marginpar=\count296
\Interval=\count297
\ExtraYPos=\count298
\PositionX=\count299
\PositionY=\count300
\ArrowLength=\count301
) (/usr/local/texlive/2023/texmf-dist/tex/latex/tools/multicol.sty
Package: multicol 2021/11/30 v1.9d multicolumn formatting (FMi)
\c@tracingmulticols=\count302
\mult@box=\box54
\multicol@leftmargin=\dimen150
\c@unbalance=\count303
\c@collectmore=\count304
\doublecol@number=\count305
\multicoltolerance=\count306
\multicolpretolerance=\count307
\full@width=\dimen151
\page@free=\dimen152
\premulticols=\dimen153
\postmulticols=\dimen154
\multicolsep=\skip56
\multicolbaselineskip=\skip57
\partial@page=\box55
\last@line=\box56
\maxbalancingoverflow=\dimen155
\mult@rightbox=\box57
\mult@grightbox=\box58
\mult@firstbox=\box59
\mult@gfirstbox=\box60
\@tempa=\box61
\@tempa=\box62
\@tempa=\box63
\@tempa=\box64
\@tempa=\box65
\@tempa=\box66
\@tempa=\box67
\@tempa=\box68
\@tempa=\box69
\@tempa=\box70
\@tempa=\box71
\@tempa=\box72
\@tempa=\box73
\@tempa=\box74
\@tempa=\box75
\@tempa=\box76
\@tempa=\box77
\@tempa=\box78
\@tempa=\box79
\@tempa=\box80
\@tempa=\box81
\@tempa=\box82
\@tempa=\box83
\@tempa=\box84
\@tempa=\box85
\@tempa=\box86
\@tempa=\box87
\@tempa=\box88
\@tempa=\box89
\@tempa=\box90
\@tempa=\box91
\@tempa=\box92
\@tempa=\box93
\@tempa=\box94
\@tempa=\box95
\@tempa=\box96
\c@minrows=\count308
\c@columnbadness=\count309
\c@finalcolumnbadness=\count310
\last@try=\dimen156
\multicolovershoot=\dimen157
\multicolundershoot=\dimen158
\mult@nat@firstbox=\box97
\colbreak@box=\box98
\mc@col@check@num=\count311
) (/usr/local/texlive/2023/texmf-dist/tex/generic/ulem/ulem.sty
\UL@box=\box99
\UL@hyphenbox=\box100
\UL@skip=\skip58
\UL@hook=\toks30
\UL@height=\dimen159
\UL@pe=\count312
\UL@pixel=\dimen160
\ULC@box=\box101
Package: ulem 2019/11/18
\ULdepth=\dimen161
) (/usr/local/texlive/2023/texmf-dist/tex/latex/colortbl/colortbl.sty
Package: colortbl 2022/06/20 v1.0f Color table columns (DPC)
 (/usr/local/texlive/2023/texmf-dist/tex/latex/tools/array.sty
Package: array 2022/09/04 v2.5g Tabular extension package (FMi)
\col@sep=\dimen162
\ar@mcellbox=\box102
\extrarowheight=\dimen163
\NC@list=\toks31
\extratabsurround=\skip59
\backup@length=\skip60
\ar@cellbox=\box103
) (/usr/local/texlive/2023/texmf-dist/tex/latex/graphics/color.sty
Package: color 2022/01/06 v1.3d Standard LaTeX Color (DPC)
 (/usr/local/texlive/2023/texmf-dist/tex/latex/graphics-cfg/color.cfg
File: color.cfg 2016/01/02 v1.6 sample color configuration
)
Package color Info: Driver file: xetex.def on input line 149.
 (/usr/local/texlive/2023/texmf-dist/tex/latex/graphics-def/xetex.def
File: xetex.def 2022/09/22 v5.0n Graphics/color driver for xetex
) (/usr/local/texlive/2023/texmf-dist/tex/latex/graphics/mathcolor.ltx))
\everycr=\toks32
\minrowclearance=\skip61
\rownum=\count313
) (/usr/local/texlive/2023/texmf-dist/tex/latex/tools/tabularx.sty
Package: tabularx 2020/01/15 v2.11c `tabularx' package (DPC)
\TX@col@width=\dimen164
\TX@old@table=\dimen165
\TX@old@col=\dimen166
\TX@target=\dimen167
\TX@delta=\dimen168
\TX@cols=\count314
\TX@ftn=\toks33
) (/usr/local/texlive/2023/texmf-dist/tex/latex/multirow/multirow.sty
Package: multirow 2021/03/15 v2.8 Span multiple rows of a table
\multirow@colwidth=\skip62
\multirow@cntb=\count315
\multirow@dima=\skip63
\bigstrutjot=\dimen169
) (/usr/local/texlive/2023/texmf-dist/tex/latex/makecell/makecell.sty
Package: makecell 2009/08/03 V0.1e Managing of Tab Column Heads and Cells
\rotheadsize=\dimen170
\c@nlinenum=\count316
\TeXr@lab=\toks34
) (/usr/local/texlive/2023/texmf-dist/tex/latex/booktabs/booktabs.sty
Package: booktabs 2020/01/12 v1.61803398 Publication quality tables
\heavyrulewidth=\dimen171
\lightrulewidth=\dimen172
\cmidrulewidth=\dimen173
\belowrulesep=\dimen174
\belowbottomsep=\dimen175
\aboverulesep=\dimen176
\abovetopsep=\dimen177
\cmidrulesep=\dimen178
\cmidrulekern=\dimen179
\defaultaddspace=\dimen180
\@cmidla=\count317
\@cmidlb=\count318
\@aboverulesep=\dimen181
\@belowrulesep=\dimen182
\@thisruleclass=\count319
\@lastruleclass=\count320
\@thisrulewidth=\dimen183
) (/usr/local/texlive/2023/texmf-dist/tex/latex/graphics/graphicx.sty
Package: graphicx 2021/09/16 v1.2d Enhanced LaTeX Graphics (DPC,SPQR)
 (/usr/local/texlive/2023/texmf-dist/tex/latex/graphics/graphics.sty
Package: graphics 2022/03/10 v1.4e Standard LaTeX Graphics (DPC,SPQR)
 (/usr/local/texlive/2023/texmf-dist/tex/latex/graphics/trig.sty
Package: trig 2021/08/11 v1.11 sin cos tan (DPC)
) (/usr/local/texlive/2023/texmf-dist/tex/latex/graphics-cfg/graphics.cfg
File: graphics.cfg 2016/06/04 v1.11 sample graphics configuration
)
Package graphics Info: Driver file: xetex.def on input line 107.
)
\Gin@req@height=\dimen184
\Gin@req@width=\dimen185
) (/usr/local/texlive/2023/texmf-dist/tex/latex/xcolor/xcolor.sty
Package: xcolor 2022/06/12 v2.14 LaTeX color extensions (UK)
 (/usr/local/texlive/2023/texmf-dist/tex/latex/graphics-cfg/color.cfg
File: color.cfg 2016/01/02 v1.6 sample color configuration
)
Package xcolor Info: Driver file: xetex.def on input line 227.
LaTeX Info: Redefining \color on input line 711.
 (/usr/local/texlive/2023/texmf-dist/tex/latex/graphics/mathcolor.ltx)
Package xcolor Info: Model `cmy' substituted by `cmy0' on input line 1353.
Package xcolor Info: Model `RGB' extended on input line 1369.
Package xcolor Info: Model `HTML' substituted by `rgb' on input line 1371.
Package xcolor Info: Model `Hsb' substituted by `hsb' on input line 1372.
Package xcolor Info: Model `tHsb' substituted by `hsb' on input line 1373.
Package xcolor Info: Model `HSB' substituted by `hsb' on input line 1374.
Package xcolor Info: Model `Gray' substituted by `gray' on input line 1375.
Package xcolor Info: Model `wave' substituted by `hsb' on input line 1376.
) (/usr/local/texlive/2023/texmf-dist/tex/latex/float/float.sty
Package: float 2001/11/08 v1.3d Float enhancements (AL)
\c@float@type=\count321
\float@exts=\toks35
\float@box=\box104
\@float@everytoks=\toks36
\@floatcapt=\box105
) (/usr/local/texlive/2023/texmf-dist/tex/latex/caption/subcaption.sty
Package: subcaption 2023/02/19 v1.6 Sub-captions (AR)
 (/usr/local/texlive/2023/texmf-dist/tex/latex/caption/caption.sty
Package: caption 2023/03/12 v3.6j Customizing captions (AR)
 (/usr/local/texlive/2023/texmf-dist/tex/latex/caption/caption3.sty
Package: caption3 2023/03/12 v2.4 caption3 kernel (AR)
\caption@tempdima=\dimen186
\captionmargin=\dimen187
\caption@leftmargin=\dimen188
\caption@rightmargin=\dimen189
\caption@width=\dimen190
\caption@indent=\dimen191
\caption@parindent=\dimen192
\caption@hangindent=\dimen193
Package caption Info: Standard document class detected.
)
\c@caption@flags=\count322
\c@continuedfloat=\count323
Package caption Info: float package is loaded.
)
Package caption Info: New subtype `subfigure' on input line 239.
\c@subfigure=\count324
Package caption Info: New subtype `subtable' on input line 239.
\c@subtable=\count325
) (/usr/local/texlive/2023/texmf-dist/tex/latex/base/makeidx.sty
Package: makeidx 2021/10/04 v1.0m Standard LaTeX package
) (/usr/local/texlive/2023/texmf-dist/tex/latex/geometry/geometry.sty
Package: geometry 2020/01/02 v5.9 Page Geometry
 (/usr/local/texlive/2023/texmf-dist/tex/generic/iftex/ifvtex.sty
Package: ifvtex 2019/10/25 v1.7 ifvtex legacy package. Use iftex instead.
)
\Gm@cnth=\count326
\Gm@cntv=\count327
\c@Gm@tempcnt=\count328
\Gm@bindingoffset=\dimen194
\Gm@wd@mp=\dimen195
\Gm@odd@mp=\dimen196
\Gm@even@mp=\dimen197
\Gm@layoutwidth=\dimen198
\Gm@layoutheight=\dimen199
\Gm@layouthoffset=\dimen256
\Gm@layoutvoffset=\dimen257
\Gm@dimlist=\toks37
) (/usr/local/texlive/2023/texmf-dist/tex/latex/pgf/frontendlayer/tikz.sty (/usr/local/texlive/2023/texmf-dist/tex/latex/pgf/basiclayer/pgf.sty (/usr/local/texlive/2023/texmf-dist/tex/latex/pgf/utilities/pgfrcs.sty (/usr/local/texlive/2023/texmf-dist/tex/generic/pgf/utilities/pgfutil-common.tex
\pgfutil@everybye=\toks38
\pgfutil@tempdima=\dimen258
\pgfutil@tempdimb=\dimen259
) (/usr/local/texlive/2023/texmf-dist/tex/generic/pgf/utilities/pgfutil-latex.def
\pgfutil@abb=\box106
) (/usr/local/texlive/2023/texmf-dist/tex/generic/pgf/utilities/pgfrcs.code.tex (/usr/local/texlive/2023/texmf-dist/tex/generic/pgf/pgf.revision.tex)
Package: pgfrcs 2023-01-15 v3.1.10 (3.1.10)
))
Package: pgf 2023-01-15 v3.1.10 (3.1.10)
 (/usr/local/texlive/2023/texmf-dist/tex/latex/pgf/basiclayer/pgfcore.sty (/usr/local/texlive/2023/texmf-dist/tex/latex/pgf/systemlayer/pgfsys.sty (/usr/local/texlive/2023/texmf-dist/tex/generic/pgf/systemlayer/pgfsys.code.tex
Package: pgfsys 2023-01-15 v3.1.10 (3.1.10)
 (/usr/local/texlive/2023/texmf-dist/tex/generic/pgf/utilities/pgfkeys.code.tex
\pgfkeys@pathtoks=\toks39
\pgfkeys@temptoks=\toks40
 (/usr/local/texlive/2023/texmf-dist/tex/generic/pgf/utilities/pgfkeyslibraryfiltered.code.tex
\pgfkeys@tmptoks=\toks41
))
\pgf@x=\dimen260
\pgf@y=\dimen261
\pgf@xa=\dimen262
\pgf@ya=\dimen263
\pgf@xb=\dimen264
\pgf@yb=\dimen265
\pgf@xc=\dimen266
\pgf@yc=\dimen267
\pgf@xd=\dimen268
\pgf@yd=\dimen269
\w@pgf@writea=\write4
\r@pgf@reada=\read4
\c@pgf@counta=\count329
\c@pgf@countb=\count330
\c@pgf@countc=\count331
\c@pgf@countd=\count332
\t@pgf@toka=\toks42
\t@pgf@tokb=\toks43
\t@pgf@tokc=\toks44
\pgf@sys@id@count=\count333
 (/usr/local/texlive/2023/texmf-dist/tex/generic/pgf/systemlayer/pgf.cfg
File: pgf.cfg 2023-01-15 v3.1.10 (3.1.10)
)
Driver file for pgf: pgfsys-xetex.def
 (/usr/local/texlive/2023/texmf-dist/tex/generic/pgf/systemlayer/pgfsys-xetex.def
File: pgfsys-xetex.def 2023-01-15 v3.1.10 (3.1.10)
 (/usr/local/texlive/2023/texmf-dist/tex/generic/pgf/systemlayer/pgfsys-dvipdfmx.def
File: pgfsys-dvipdfmx.def 2023-01-15 v3.1.10 (3.1.10)
 (/usr/local/texlive/2023/texmf-dist/tex/generic/pgf/systemlayer/pgfsys-common-pdf.def
File: pgfsys-common-pdf.def 2023-01-15 v3.1.10 (3.1.10)
)
\pgfsys@objnum=\count334
))) (/usr/local/texlive/2023/texmf-dist/tex/generic/pgf/systemlayer/pgfsyssoftpath.code.tex
File: pgfsyssoftpath.code.tex 2023-01-15 v3.1.10 (3.1.10)
\pgfsyssoftpath@smallbuffer@items=\count335
\pgfsyssoftpath@bigbuffer@items=\count336
) (/usr/local/texlive/2023/texmf-dist/tex/generic/pgf/systemlayer/pgfsysprotocol.code.tex
File: pgfsysprotocol.code.tex 2023-01-15 v3.1.10 (3.1.10)
)) (/usr/local/texlive/2023/texmf-dist/tex/generic/pgf/basiclayer/pgfcore.code.tex
Package: pgfcore 2023-01-15 v3.1.10 (3.1.10)
 (/usr/local/texlive/2023/texmf-dist/tex/generic/pgf/math/pgfmath.code.tex (/usr/local/texlive/2023/texmf-dist/tex/generic/pgf/math/pgfmathutil.code.tex) (/usr/local/texlive/2023/texmf-dist/tex/generic/pgf/math/pgfmathparser.code.tex
\pgfmath@dimen=\dimen270
\pgfmath@count=\count337
\pgfmath@box=\box107
\pgfmath@toks=\toks45
\pgfmath@stack@operand=\toks46
\pgfmath@stack@operation=\toks47
) (/usr/local/texlive/2023/texmf-dist/tex/generic/pgf/math/pgfmathfunctions.code.tex) (/usr/local/texlive/2023/texmf-dist/tex/generic/pgf/math/pgfmathfunctions.basic.code.tex) (/usr/local/texlive/2023/texmf-dist/tex/generic/pgf/math/pgfmathfunctions.trigonometric.code.tex) (/usr/local/texlive/2023/texmf-dist/tex/generic/pgf/math/pgfmathfunctions.random.code.tex) (/usr/local/texlive/2023/texmf-dist/tex/generic/pgf/math/pgfmathfunctions.comparison.code.tex) (/usr/local/texlive/2023/texmf-dist/tex/generic/pgf/math/pgfmathfunctions.base.code.tex) (/usr/local/texlive/2023/texmf-dist/tex/generic/pgf/math/pgfmathfunctions.round.code.tex) (/usr/local/texlive/2023/texmf-dist/tex/generic/pgf/math/pgfmathfunctions.misc.code.tex) (/usr/local/texlive/2023/texmf-dist/tex/generic/pgf/math/pgfmathfunctions.integerarithmetics.code.tex) (/usr/local/texlive/2023/texmf-dist/tex/generic/pgf/math/pgfmathcalc.code.tex) (/usr/local/texlive/2023/texmf-dist/tex/generic/pgf/math/pgfmathfloat.code.tex
\c@pgfmathroundto@lastzeros=\count338
)) (/usr/local/texlive/2023/texmf-dist/tex/generic/pgf/math/pgfint.code.tex) (/usr/local/texlive/2023/texmf-dist/tex/generic/pgf/basiclayer/pgfcorepoints.code.tex
File: pgfcorepoints.code.tex 2023-01-15 v3.1.10 (3.1.10)
\pgf@picminx=\dimen271
\pgf@picmaxx=\dimen272
\pgf@picminy=\dimen273
\pgf@picmaxy=\dimen274
\pgf@pathminx=\dimen275
\pgf@pathmaxx=\dimen276
\pgf@pathminy=\dimen277
\pgf@pathmaxy=\dimen278
\pgf@xx=\dimen279
\pgf@xy=\dimen280
\pgf@yx=\dimen281
\pgf@yy=\dimen282
\pgf@zx=\dimen283
\pgf@zy=\dimen284
) (/usr/local/texlive/2023/texmf-dist/tex/generic/pgf/basiclayer/pgfcorepathconstruct.code.tex
File: pgfcorepathconstruct.code.tex 2023-01-15 v3.1.10 (3.1.10)
\pgf@path@lastx=\dimen285
\pgf@path@lasty=\dimen286
) (/usr/local/texlive/2023/texmf-dist/tex/generic/pgf/basiclayer/pgfcorepathusage.code.tex
File: pgfcorepathusage.code.tex 2023-01-15 v3.1.10 (3.1.10)
\pgf@shorten@end@additional=\dimen287
\pgf@shorten@start@additional=\dimen288
) (/usr/local/texlive/2023/texmf-dist/tex/generic/pgf/basiclayer/pgfcorescopes.code.tex
File: pgfcorescopes.code.tex 2023-01-15 v3.1.10 (3.1.10)
\pgfpic=\box108
\pgf@hbox=\box109
\pgf@layerbox@main=\box110
\pgf@picture@serial@count=\count339
) (/usr/local/texlive/2023/texmf-dist/tex/generic/pgf/basiclayer/pgfcoregraphicstate.code.tex
File: pgfcoregraphicstate.code.tex 2023-01-15 v3.1.10 (3.1.10)
\pgflinewidth=\dimen289
) (/usr/local/texlive/2023/texmf-dist/tex/generic/pgf/basiclayer/pgfcoretransformations.code.tex
File: pgfcoretransformations.code.tex 2023-01-15 v3.1.10 (3.1.10)
\pgf@pt@x=\dimen290
\pgf@pt@y=\dimen291
\pgf@pt@temp=\dimen292
) (/usr/local/texlive/2023/texmf-dist/tex/generic/pgf/basiclayer/pgfcorequick.code.tex
File: pgfcorequick.code.tex 2023-01-15 v3.1.10 (3.1.10)
) (/usr/local/texlive/2023/texmf-dist/tex/generic/pgf/basiclayer/pgfcoreobjects.code.tex
File: pgfcoreobjects.code.tex 2023-01-15 v3.1.10 (3.1.10)
) (/usr/local/texlive/2023/texmf-dist/tex/generic/pgf/basiclayer/pgfcorepathprocessing.code.tex
File: pgfcorepathprocessing.code.tex 2023-01-15 v3.1.10 (3.1.10)
) (/usr/local/texlive/2023/texmf-dist/tex/generic/pgf/basiclayer/pgfcorearrows.code.tex
File: pgfcorearrows.code.tex 2023-01-15 v3.1.10 (3.1.10)
\pgfarrowsep=\dimen293
) (/usr/local/texlive/2023/texmf-dist/tex/generic/pgf/basiclayer/pgfcoreshade.code.tex
File: pgfcoreshade.code.tex 2023-01-15 v3.1.10 (3.1.10)
\pgf@max=\dimen294
\pgf@sys@shading@range@num=\count340
\pgf@shadingcount=\count341
) (/usr/local/texlive/2023/texmf-dist/tex/generic/pgf/basiclayer/pgfcoreimage.code.tex
File: pgfcoreimage.code.tex 2023-01-15 v3.1.10 (3.1.10)
) (/usr/local/texlive/2023/texmf-dist/tex/generic/pgf/basiclayer/pgfcoreexternal.code.tex
File: pgfcoreexternal.code.tex 2023-01-15 v3.1.10 (3.1.10)
\pgfexternal@startupbox=\box111
) (/usr/local/texlive/2023/texmf-dist/tex/generic/pgf/basiclayer/pgfcorelayers.code.tex
File: pgfcorelayers.code.tex 2023-01-15 v3.1.10 (3.1.10)
) (/usr/local/texlive/2023/texmf-dist/tex/generic/pgf/basiclayer/pgfcoretransparency.code.tex
File: pgfcoretransparency.code.tex 2023-01-15 v3.1.10 (3.1.10)
) (/usr/local/texlive/2023/texmf-dist/tex/generic/pgf/basiclayer/pgfcorepatterns.code.tex
File: pgfcorepatterns.code.tex 2023-01-15 v3.1.10 (3.1.10)
) (/usr/local/texlive/2023/texmf-dist/tex/generic/pgf/basiclayer/pgfcorerdf.code.tex
File: pgfcorerdf.code.tex 2023-01-15 v3.1.10 (3.1.10)
))) (/usr/local/texlive/2023/texmf-dist/tex/generic/pgf/modules/pgfmoduleshapes.code.tex
File: pgfmoduleshapes.code.tex 2023-01-15 v3.1.10 (3.1.10)
\pgfnodeparttextbox=\box112
) (/usr/local/texlive/2023/texmf-dist/tex/generic/pgf/modules/pgfmoduleplot.code.tex
File: pgfmoduleplot.code.tex 2023-01-15 v3.1.10 (3.1.10)
) (/usr/local/texlive/2023/texmf-dist/tex/latex/pgf/compatibility/pgfcomp-version-0-65.sty
Package: pgfcomp-version-0-65 2023-01-15 v3.1.10 (3.1.10)
\pgf@nodesepstart=\dimen295
\pgf@nodesepend=\dimen296
) (/usr/local/texlive/2023/texmf-dist/tex/latex/pgf/compatibility/pgfcomp-version-1-18.sty
Package: pgfcomp-version-1-18 2023-01-15 v3.1.10 (3.1.10)
)) (/usr/local/texlive/2023/texmf-dist/tex/latex/pgf/utilities/pgffor.sty (/usr/local/texlive/2023/texmf-dist/tex/latex/pgf/utilities/pgfkeys.sty (/usr/local/texlive/2023/texmf-dist/tex/generic/pgf/utilities/pgfkeys.code.tex)) (/usr/local/texlive/2023/texmf-dist/tex/latex/pgf/math/pgfmath.sty (/usr/local/texlive/2023/texmf-dist/tex/generic/pgf/math/pgfmath.code.tex)) (/usr/local/texlive/2023/texmf-dist/tex/generic/pgf/utilities/pgffor.code.tex
Package: pgffor 2023-01-15 v3.1.10 (3.1.10)
\pgffor@iter=\dimen297
\pgffor@skip=\dimen298
\pgffor@stack=\toks48
\pgffor@toks=\toks49
)) (/usr/local/texlive/2023/texmf-dist/tex/generic/pgf/frontendlayer/tikz/tikz.code.tex
Package: tikz 2023-01-15 v3.1.10 (3.1.10)
 (/usr/local/texlive/2023/texmf-dist/tex/generic/pgf/libraries/pgflibraryplothandlers.code.tex
File: pgflibraryplothandlers.code.tex 2023-01-15 v3.1.10 (3.1.10)
\pgf@plot@mark@count=\count342
\pgfplotmarksize=\dimen299
)
\tikz@lastx=\dimen300
\tikz@lasty=\dimen301
\tikz@lastxsaved=\dimen302
\tikz@lastysaved=\dimen303
\tikz@lastmovetox=\dimen304
\tikz@lastmovetoy=\dimen305
\tikzleveldistance=\dimen306
\tikzsiblingdistance=\dimen307
\tikz@figbox=\box113
\tikz@figbox@bg=\box114
\tikz@tempbox=\box115
\tikz@tempbox@bg=\box116
\tikztreelevel=\count343
\tikznumberofchildren=\count344
\tikznumberofcurrentchild=\count345
\tikz@fig@count=\count346
 (/usr/local/texlive/2023/texmf-dist/tex/generic/pgf/modules/pgfmodulematrix.code.tex
File: pgfmodulematrix.code.tex 2023-01-15 v3.1.10 (3.1.10)
\pgfmatrixcurrentrow=\count347
\pgfmatrixcurrentcolumn=\count348
\pgf@matrix@numberofcolumns=\count349
)
\tikz@expandcount=\count350
 (/usr/local/texlive/2023/texmf-dist/tex/generic/pgf/frontendlayer/tikz/libraries/tikzlibrarytopaths.code.tex
File: tikzlibrarytopaths.code.tex 2023-01-15 v3.1.10 (3.1.10)
))) (/usr/local/texlive/2023/texmf-dist/tex/latex/ctex/ctex.sty (/usr/local/texlive/2023/texmf-dist/tex/latex/l3kernel/expl3.sty
Package: expl3 2023-02-22 L3 programming layer (loader) 
 (/usr/local/texlive/2023/texmf-dist/tex/latex/l3backend/l3backend-xetex.def
File: l3backend-xetex.def 2023-01-16 L3 backend support: XeTeX
\g__graphics_track_int=\count351
\l__pdf_internal_box=\box117
\g__pdf_backend_object_int=\count352
\g__pdf_backend_annotation_int=\count353
\g__pdf_backend_link_int=\count354
))
Package: ctex 2022/07/14 v2.5.10 Chinese adapter in LaTeX (CTEX)
 (/usr/local/texlive/2023/texmf-dist/tex/latex/ctex/ctexhook.sty
Package: ctexhook 2022/07/14 v2.5.10 Document and package hooks (CTEX)
) (/usr/local/texlive/2023/texmf-dist/tex/latex/ctex/ctexpatch.sty
Package: ctexpatch 2022/07/14 v2.5.10 Patching commands (CTEX)
) (/usr/local/texlive/2023/texmf-dist/tex/latex/base/fix-cm.sty
Package: fix-cm 2020/11/24 v1.1t fixes to LaTeX
 (/usr/local/texlive/2023/texmf-dist/tex/latex/base/ts1enc.def
File: ts1enc.def 2001/06/05 v3.0e (jk/car/fm) Standard LaTeX file
LaTeX Font Info:    Redeclaring font encoding TS1 on input line 47.
))
\l__ctex_tmp_int=\count355
\l__ctex_tmp_box=\box118
\l__ctex_tmp_dim=\dimen308
\g__ctex_section_depth_int=\count356
\g__ctex_font_size_int=\count357
 (/usr/local/texlive/2023/texmf-dist/tex/latex/ctex/config/ctexopts.cfg
File: ctexopts.cfg 2022/07/14 v2.5.10 Option configuration file (CTEX)
) (/usr/local/texlive/2023/texmf-dist/tex/latex/ctex/engine/ctex-engine-xetex.def
File: ctex-engine-xetex.def 2022/07/14 v2.5.10 XeLaTeX adapter (CTEX)
 (/usr/local/texlive/2023/texmf-dist/tex/xelatex/xecjk/xeCJK.sty
Package: xeCJK 2022/08/05 v3.9.1 Typesetting CJK scripts with XeLaTeX
 (/usr/local/texlive/2023/texmf-dist/tex/latex/l3packages/xtemplate/xtemplate.sty
Package: xtemplate 2023-02-02 L3 Experimental prototype document functions
\l__xtemplate_tmp_dim=\dimen309
\l__xtemplate_tmp_int=\count358
\l__xtemplate_tmp_muskip=\muskip17
\l__xtemplate_tmp_skip=\skip64
)
\l__xeCJK_tmp_int=\count359
\l__xeCJK_tmp_box=\box119
\l__xeCJK_tmp_dim=\dimen310
\l__xeCJK_tmp_skip=\skip65
\g__xeCJK_space_factor_int=\count360
\l__xeCJK_begin_int=\count361
\l__xeCJK_end_int=\count362
\c__xeCJK_CJK_class_int=\XeTeXcharclass1
\c__xeCJK_FullLeft_class_int=\XeTeXcharclass2
\c__xeCJK_FullRight_class_int=\XeTeXcharclass3
\c__xeCJK_HalfLeft_class_int=\XeTeXcharclass4
\c__xeCJK_HalfRight_class_int=\XeTeXcharclass5
\c__xeCJK_NormalSpace_class_int=\XeTeXcharclass6
\c__xeCJK_CM_class_int=\XeTeXcharclass7
\c__xeCJK_HangulJamo_class_int=\XeTeXcharclass8
\l__xeCJK_last_skip=\skip66
\c__xeCJK_none_node=\count363
\g__xeCJK_node_int=\count364
\c__xeCJK_CJK_node_dim=\dimen311
\c__xeCJK_CJK-space_node_dim=\dimen312
\c__xeCJK_default_node_dim=\dimen313
\c__xeCJK_CJK-widow_node_dim=\dimen314
\c__xeCJK_normalspace_node_dim=\dimen315
\c__xeCJK_default-space_node_skip=\skip67
\l__xeCJK_ccglue_skip=\skip68
\l__xeCJK_ecglue_skip=\skip69
\l__xeCJK_punct_kern_skip=\skip70
\l__xeCJK_indent_box=\box120
\l__xeCJK_last_penalty_int=\count365
\l__xeCJK_last_bound_dim=\dimen316
\l__xeCJK_last_kern_dim=\dimen317
\l__xeCJK_widow_penalty_int=\count366

Package xtemplate Info: Declaring object type 'xeCJK/punctuation' taking 0
(xtemplate)             argument(s) on line 2396.

\l__xeCJK_fixed_punct_width_dim=\dimen318
\l__xeCJK_mixed_punct_width_dim=\dimen319
\l__xeCJK_middle_punct_width_dim=\dimen320
\l__xeCJK_fixed_margin_width_dim=\dimen321
\l__xeCJK_mixed_margin_width_dim=\dimen322
\l__xeCJK_middle_margin_width_dim=\dimen323
\l__xeCJK_bound_punct_width_dim=\dimen324
\l__xeCJK_bound_margin_width_dim=\dimen325
\l__xeCJK_margin_minimum_dim=\dimen326
\l__xeCJK_kerning_total_width_dim=\dimen327
\l__xeCJK_same_align_margin_dim=\dimen328
\l__xeCJK_different_align_margin_dim=\dimen329
\l__xeCJK_kerning_margin_width_dim=\dimen330
\l__xeCJK_kerning_margin_minimum_dim=\dimen331
\l__xeCJK_bound_dim=\dimen332
\l__xeCJK_reverse_bound_dim=\dimen333
\l__xeCJK_margin_dim=\dimen334
\l__xeCJK_minimum_bound_dim=\dimen335
\l__xeCJK_kerning_margin_dim=\dimen336
\g__xeCJK_family_int=\count367
\l__xeCJK_fam_int=\count368
\g__xeCJK_fam_allocation_int=\count369
\l__xeCJK_verb_case_int=\count370
\l__xeCJK_verb_exspace_skip=\skip71
 (/usr/local/texlive/2023/texmf-dist/tex/latex/fontspec/fontspec.sty (/usr/local/texlive/2023/texmf-dist/tex/latex/l3packages/xparse/xparse.sty
Package: xparse 2023-02-02 L3 Experimental document command parser
)
Package: fontspec 2022/01/15 v2.8a Font selection for XeLaTeX and LuaLaTeX
 (/usr/local/texlive/2023/texmf-dist/tex/latex/fontspec/fontspec-xetex.sty
Package: fontspec-xetex 2022/01/15 v2.8a Font selection for XeLaTeX and LuaLaTeX
\l__fontspec_script_int=\count371
\l__fontspec_language_int=\count372
\l__fontspec_strnum_int=\count373
\l__fontspec_tmp_int=\count374
\l__fontspec_tmpa_int=\count375
\l__fontspec_tmpb_int=\count376
\l__fontspec_tmpc_int=\count377
\l__fontspec_em_int=\count378
\l__fontspec_emdef_int=\count379
\l__fontspec_strong_int=\count380
\l__fontspec_strongdef_int=\count381
\l__fontspec_tmpa_dim=\dimen337
\l__fontspec_tmpb_dim=\dimen338
\l__fontspec_tmpc_dim=\dimen339
 (/usr/local/texlive/2023/texmf-dist/tex/latex/base/fontenc.sty
Package: fontenc 2021/04/29 v2.0v Standard LaTeX package
) (/usr/local/texlive/2023/texmf-dist/tex/latex/fontspec/fontspec.cfg))) (/usr/local/texlive/2023/texmf-dist/tex/xelatex/xecjk/xeCJK.cfg
File: xeCJK.cfg 2022/08/05 v3.9.1 Configuration file for xeCJK package
))
\ccwd=\dimen340
\l__ctex_ccglue_skip=\skip72
)
\l__ctex_ziju_dim=\dimen341
 (/usr/local/texlive/2023/texmf-dist/tex/latex/zhnumber/zhnumber.sty
Package: zhnumber 2022/07/14 v3.0 Typesetting numbers with Chinese glyphs
\l__zhnum_scale_int=\count382
\l__zhnum_tmp_int=\count383
 (/usr/local/texlive/2023/texmf-dist/tex/latex/zhnumber/zhnumber-utf8.cfg
File: zhnumber-utf8.cfg 2022/07/14 v3.0 Chinese numerals with UTF8 encoding
)) (/usr/local/texlive/2023/texmf-dist/tex/latex/ctex/heading/ctex-heading-book.def
File: ctex-book.def 2022/07/14 v2.5.10 Heading modification for book (CTEX)
\l__ctex_heading_skip=\skip73
 (/usr/local/texlive/2023/texmf-dist/tex/latex/ctex/scheme/ctex-scheme-chinese-book.def
File: ctex-scheme-chinese-book.def 2022/07/14 v2.5.10 Chinese scheme for book (CTEX)

(/usr/local/texlive/2023/texmf-dist/tex/latex/ctex/config/ctex-name-utf8.cfg
File: ctex-name-utf8.cfg 2022/07/14 v2.5.10 Caption with encoding UTF-8 (CTEX)
))) (/usr/local/texlive/2023/texmf-dist/tex/latex/ctex/fontset/ctex-fontset-fandol.def
File: ctex-fontset-fandol.def 2022/07/14 v2.5.10 Fandol fonts definition (CTEX)


Package fontspec Warning: Font "FandolSong-Regular" does not contain requested
(fontspec)                Script "CJK".


Package fontspec Info: Font family 'FandolSong-Regular(0)' created for font
(fontspec)             'FandolSong-Regular' with options
(fontspec)             [Script={CJK},Extension={.otf},BoldFont={FandolSong-Bold},ItalicFont={FandolKai-Regular}].
(fontspec)              
(fontspec)              This font family consists of the following NFSS
(fontspec)             series/shapes:
(fontspec)              
(fontspec)             - 'normal' (m/n) with NFSS spec.:
(fontspec)             <->"[FandolSong-Regular.otf]/OT:language=dflt;"
(fontspec)             - 'small caps'  (m/sc) with NFSS spec.: 
(fontspec)             - 'bold' (b/n) with NFSS spec.:
(fontspec)             <->"[FandolSong-Bold.otf]/OT:language=dflt;"
(fontspec)             - 'bold small caps'  (b/sc) with NFSS spec.: 
(fontspec)             - 'italic' (m/it) with NFSS spec.:
(fontspec)             <->"[FandolKai-Regular.otf]/OT:language=dflt;"
(fontspec)             - 'italic small caps'  (m/scit) with NFSS spec.: 

)) (/usr/local/texlive/2023/texmf-dist/tex/latex/ctex/config/ctex.cfg
File: ctex.cfg 2022/07/14 v2.5.10 Configuration file (CTEX)
)

Package fontspec Info: Font family 'cmun(0)' created for font 'cmun' with
(fontspec)             options [Ligatures=TeX,Extension = .otf,UprightFont =
(fontspec)             *rm,ItalicFont = *ti,SlantedFont = *sl,BoldFont =
(fontspec)             *bx,BoldItalicFont = *bi,BoldSlantedFont = *bl].
(fontspec)              
(fontspec)              This font family consists of the following NFSS
(fontspec)             series/shapes:
(fontspec)              
(fontspec)             - 'normal' (m/n) with NFSS spec.:
(fontspec)             <->"[cmunrm.otf]/OT:script=latn;language=dflt;mapping=tex-text;"
(fontspec)             - 'small caps'  (m/sc) with NFSS spec.:
(fontspec)             <->"[cmunrm.otf]/OT:script=latn;language=dflt;+smcp;mapping=tex-text;"
(fontspec)             - 'bold' (b/n) with NFSS spec.:
(fontspec)             <->"[cmunbx.otf]/OT:script=latn;language=dflt;mapping=tex-text;"
(fontspec)             - 'bold small caps'  (b/sc) with NFSS spec.:
(fontspec)             <->"[cmunbx.otf]/OT:script=latn;language=dflt;+smcp;mapping=tex-text;"
(fontspec)             - 'italic' (m/it) with NFSS spec.:
(fontspec)             <->"[cmunti.otf]/OT:script=latn;language=dflt;mapping=tex-text;"
(fontspec)             - 'italic small caps'  (m/scit) with NFSS spec.: 
(fontspec)             - 'slanted' (m/sl) with NFSS spec.:
(fontspec)             <->"[cmunsl.otf]/OT:script=latn;language=dflt;mapping=tex-text;"
(fontspec)             - 'slanted small caps'  (m/scsl) with NFSS spec.:
(fontspec)             <->"[cmunsl.otf]/OT:script=latn;language=dflt;+smcp;mapping=tex-text;"
(fontspec)             - 'bold italic' (b/it) with NFSS spec.:
(fontspec)             <->"[cmunbi.otf]/OT:script=latn;language=dflt;mapping=tex-text;"
(fontspec)             - 'bold italic small caps'  (b/scit) with NFSS spec.: 
(fontspec)             - 'bold slanted' (b/sl) with NFSS spec.:
(fontspec)             <->"[cmunbl.otf]/OT:script=latn;language=dflt;mapping=tex-text;"
(fontspec)             - 'bold slanted small caps'  (b/scsl) with NFSS spec.:
(fontspec)             <->"[cmunbl.otf]/OT:script=latn;language=dflt;+smcp;mapping=tex-text;"


Package fontspec Info: Font family 'cmun(1)' created for font 'cmun' with
(fontspec)             options [Ligatures=TeX,Extension = .otf,UprightFont =
(fontspec)             *ss,ItalicFont = *si,BoldFont = *sx,BoldItalicFont =
(fontspec)             *so].
(fontspec)              
(fontspec)              This font family consists of the following NFSS
(fontspec)             series/shapes:
(fontspec)              
(fontspec)             - 'normal' (m/n) with NFSS spec.:
(fontspec)             <->"[cmunss.otf]/OT:script=latn;language=dflt;mapping=tex-text;"
(fontspec)             - 'small caps'  (m/sc) with NFSS spec.: 
(fontspec)             - 'bold' (b/n) with NFSS spec.:
(fontspec)             <->"[cmunsx.otf]/OT:script=latn;language=dflt;mapping=tex-text;"
(fontspec)             - 'bold small caps'  (b/sc) with NFSS spec.: 
(fontspec)             - 'italic' (m/it) with NFSS spec.:
(fontspec)             <->"[cmunsi.otf]/OT:script=latn;language=dflt;mapping=tex-text;"
(fontspec)             - 'italic small caps'  (m/scit) with NFSS spec.: 
(fontspec)             - 'bold italic' (b/it) with NFSS spec.:
(fontspec)             <->"[cmunso.otf]/OT:script=latn;language=dflt;mapping=tex-text;"
(fontspec)             - 'bold italic small caps'  (b/scit) with NFSS spec.: 


Package fontspec Info: Font family 'cmun(2)' created for font 'cmun' with
(fontspec)             options
(fontspec)             [WordSpace={1,0,0},HyphenChar=None,PunctuationSpace=WordSpace,Extension
(fontspec)             = .otf,UprightFont = *btl,ItalicFont = *bto,BoldFont =
(fontspec)             *tb,BoldItalicFont = *tx].
(fontspec)              
(fontspec)              This font family consists of the following NFSS
(fontspec)             series/shapes:
(fontspec)              
(fontspec)             - 'normal' (m/n) with NFSS spec.:
(fontspec)             <->"[cmunbtl.otf]/OT:script=latn;language=dflt;"
(fontspec)             - 'small caps'  (m/sc) with NFSS spec.: 
(fontspec)             and font adjustment code:
(fontspec)             \fontdimen 2\font =1\fontdimen 2\font \fontdimen 3\font
(fontspec)             =0\fontdimen 3\font \fontdimen 4\font =0\fontdimen
(fontspec)             4\font \fontdimen 7\font =0\fontdimen 2\font
(fontspec)             \tex_hyphenchar:D \font =-1\scan_stop: 
(fontspec)             - 'bold' (b/n) with NFSS spec.:
(fontspec)             <->"[cmuntb.otf]/OT:script=latn;language=dflt;"
(fontspec)             - 'bold small caps'  (b/sc) with NFSS spec.: 
(fontspec)             and font adjustment code:
(fontspec)             \fontdimen 2\font =1\fontdimen 2\font \fontdimen 3\font
(fontspec)             =0\fontdimen 3\font \fontdimen 4\font =0\fontdimen
(fontspec)             4\font \fontdimen 7\font =0\fontdimen 2\font
(fontspec)             \tex_hyphenchar:D \font =-1\scan_stop: 
(fontspec)             - 'italic' (m/it) with NFSS spec.:
(fontspec)             <->"[cmunbto.otf]/OT:script=latn;language=dflt;"
(fontspec)             - 'italic small caps'  (m/scit) with NFSS spec.: 
(fontspec)             and font adjustment code:
(fontspec)             \fontdimen 2\font =1\fontdimen 2\font \fontdimen 3\font
(fontspec)             =0\fontdimen 3\font \fontdimen 4\font =0\fontdimen
(fontspec)             4\font \fontdimen 7\font =0\fontdimen 2\font
(fontspec)             \tex_hyphenchar:D \font =-1\scan_stop: 
(fontspec)             - 'bold italic' (b/it) with NFSS spec.:
(fontspec)             <->"[cmuntx.otf]/OT:script=latn;language=dflt;"
(fontspec)             - 'bold italic small caps'  (b/scit) with NFSS spec.: 
(fontspec)             and font adjustment code:
(fontspec)             \fontdimen 2\font =1\fontdimen 2\font \fontdimen 3\font
(fontspec)             =0\fontdimen 3\font \fontdimen 4\font =0\fontdimen
(fontspec)             4\font \fontdimen 7\font =0\fontdimen 2\font
(fontspec)             \tex_hyphenchar:D \font =-1\scan_stop: 

 (/usr/local/texlive/2023/texmf-dist/tex/latex/amsfonts/amssymb.sty
Package: amssymb 2013/01/14 v3.01 AMS font symbols
 (/usr/local/texlive/2023/texmf-dist/tex/latex/amsfonts/amsfonts.sty
Package: amsfonts 2013/01/14 v3.01 Basic AMSFonts support
\symAMSa=\mathgroup7
\symAMSb=\mathgroup8
LaTeX Font Info:    Redeclaring math symbol \hbar on input line 98.
LaTeX Font Info:    Overwriting math alphabet `\mathfrak' in version `bold'
(Font)                  U/euf/m/n --> U/euf/b/n on input line 106.
)) (/usr/local/texlive/2023/texmf-dist/tex/latex/base/latexsym.sty
Package: latexsym 1998/08/17 v2.2e Standard LaTeX package (lasy symbols)
\symlasy=\mathgroup9
LaTeX Font Info:    Overwriting symbol font `lasy' in version `bold'
(Font)                  U/lasy/m/n --> U/lasy/b/n on input line 52.
) (/usr/local/texlive/2023/texmf-dist/tex/latex/base/textcomp.sty
Package: textcomp 2020/02/02 v2.0n Standard LaTeX package
) (/usr/local/texlive/2023/texmf-dist/tex/latex/jknapltx/mathrsfs.sty
Package: mathrsfs 1996/01/01 Math RSFS package v1.0 (jk)
\symrsfs=\mathgroup10
) (/usr/local/texlive/2023/texmf-dist/tex/latex/amsfonts/euscript.sty
Package: euscript 2009/06/22 v3.00 Euler Script fonts
LaTeX Font Info:    Overwriting math alphabet `\EuScript' in version `bold'
(Font)                  U/eus/m/n --> U/eus/b/n on input line 33.
) (/usr/local/texlive/2023/texmf-dist/tex/latex/yhmath/yhmath.sty
Package: yhmath 2020/03/17 v1.6
\symyhlargesymbols=\mathgroup11
LaTeX Font Info:    Redeclaring math accent \widetilde on input line 29.
LaTeX Font Info:    Redeclaring math accent \widehat on input line 30.
LaTeX Font Info:    Redeclaring math symbol \braceld on input line 48.
LaTeX Font Info:    Redeclaring math symbol \bracerd on input line 49.
LaTeX Font Info:    Redeclaring math symbol \bracelu on input line 50.
LaTeX Font Info:    Redeclaring math symbol \braceru on input line 51.
LaTeX Font Info:    Redeclaring math delimiter \lmoustache on input line 53.
LaTeX Font Info:    Redeclaring math delimiter \rmoustache on input line 55.
LaTeX Font Info:    Redeclaring math delimiter \arrowvert on input line 57.
LaTeX Font Info:    Redeclaring math delimiter \Arrowvert on input line 59.
LaTeX Font Info:    Redeclaring math delimiter \Vert on input line 61.
LaTeX Font Info:    Redeclaring math delimiter \vert on input line 63.
LaTeX Font Info:    Redeclaring math delimiter \uparrow on input line 65.
LaTeX Font Info:    Redeclaring math delimiter \downarrow on input line 67.
LaTeX Font Info:    Redeclaring math delimiter \updownarrow on input line 69.
LaTeX Font Info:    Redeclaring math delimiter \Uparrow on input line 71.
LaTeX Font Info:    Redeclaring math delimiter \Downarrow on input line 73.
LaTeX Font Info:    Redeclaring math delimiter \Updownarrow on input line 75.
LaTeX Font Info:    Redeclaring math delimiter \backslash on input line 79.
LaTeX Font Info:    Redeclaring math delimiter \rangle on input line 81.
LaTeX Font Info:    Redeclaring math delimiter \langle on input line 83.
LaTeX Font Info:    Redeclaring math delimiter \rbrace on input line 85.
LaTeX Font Info:    Redeclaring math delimiter \lbrace on input line 87.
LaTeX Font Info:    Redeclaring math delimiter \rceil on input line 89.
LaTeX Font Info:    Redeclaring math delimiter \lceil on input line 91.
LaTeX Font Info:    Redeclaring math delimiter \rfloor on input line 93.
LaTeX Font Info:    Redeclaring math delimiter \lfloor on input line 95.
LaTeX Font Info:    Redeclaring math delimiter \lgroup on input line 97.
LaTeX Font Info:    Redeclaring math delimiter \rgroup on input line 99.
LaTeX Font Info:    Redeclaring math delimiter \bracevert on input line 101.
) (./lshort-zh-cn-layout.tex) (/usr/local/texlive/2023/texmf-dist/tex/latex/hyperref/hyperref.sty
Package: hyperref 2023-02-07 v7.00v Hypertext links for LaTeX
 (/usr/local/texlive/2023/texmf-dist/tex/generic/pdfescape/pdfescape.sty
Package: pdfescape 2019/12/09 v1.15 Implements pdfTeX's escape features (HO)
) (/usr/local/texlive/2023/texmf-dist/tex/latex/hycolor/hycolor.sty
Package: hycolor 2020-01-27 v1.10 Color options for hyperref/bookmark (HO)
) (/usr/local/texlive/2023/texmf-dist/tex/latex/letltxmacro/letltxmacro.sty
Package: letltxmacro 2019/12/03 v1.6 Let assignment for LaTeX macros (HO)
) (/usr/local/texlive/2023/texmf-dist/tex/latex/auxhook/auxhook.sty
Package: auxhook 2019-12-17 v1.6 Hooks for auxiliary files (HO)
) (/usr/local/texlive/2023/texmf-dist/tex/latex/hyperref/nameref.sty
Package: nameref 2022-05-17 v2.50 Cross-referencing by name of section
 (/usr/local/texlive/2023/texmf-dist/tex/latex/refcount/refcount.sty
Package: refcount 2019/12/15 v3.6 Data extraction from label references (HO)
) (/usr/local/texlive/2023/texmf-dist/tex/generic/gettitlestring/gettitlestring.sty
Package: gettitlestring 2019/12/15 v1.6 Cleanup title references (HO)
)
\c@section@level=\count384
)
\@linkdim=\dimen342
\Hy@linkcounter=\count385
\Hy@pagecounter=\count386
 (/usr/local/texlive/2023/texmf-dist/tex/latex/hyperref/pd1enc.def
File: pd1enc.def 2023-02-07 v7.00v Hyperref: PDFDocEncoding definition (HO)
) (/usr/local/texlive/2023/texmf-dist/tex/generic/intcalc/intcalc.sty
Package: intcalc 2019/12/15 v1.3 Expandable calculations with integers (HO)
) (/usr/local/texlive/2023/texmf-dist/tex/generic/etexcmds/etexcmds.sty
Package: etexcmds 2019/12/15 v1.7 Avoid name clashes with e-TeX commands (HO)
)
\Hy@SavedSpaceFactor=\count387
 (/usr/local/texlive/2023/texmf-dist/tex/latex/hyperref/puenc.def
File: puenc.def 2023-02-07 v7.00v Hyperref: PDF Unicode definition (HO)
)
Package hyperref Info: Option `unicode' set `true' on input line 4060.
Package hyperref Info: Hyper figures OFF on input line 4177.
Package hyperref Info: Link nesting OFF on input line 4182.
Package hyperref Info: Hyper index ON on input line 4185.
Package hyperref Info: Plain pages OFF on input line 4192.
Package hyperref Info: Backreferencing OFF on input line 4197.
Package hyperref Info: Implicit mode ON; LaTeX internals redefined.
Package hyperref Info: Bookmarks ON on input line 4425.
\c@Hy@tempcnt=\count388
 (/usr/local/texlive/2023/texmf-dist/tex/latex/url/url.sty
\Urlmuskip=\muskip18
Package: url 2013/09/16  ver 3.4  Verb mode for urls, etc.
)
LaTeX Info: Redefining \url on input line 4763.
\XeTeXLinkMargin=\dimen343
 (/usr/local/texlive/2023/texmf-dist/tex/generic/bitset/bitset.sty
Package: bitset 2019/12/09 v1.3 Handle bit-vector datatype (HO)
 (/usr/local/texlive/2023/texmf-dist/tex/generic/bigintcalc/bigintcalc.sty
Package: bigintcalc 2019/12/15 v1.5 Expandable calculations on big integers (HO)
))
\Fld@menulength=\count389
\Field@Width=\dimen344
\Fld@charsize=\dimen345
Package hyperref Info: Hyper figures OFF on input line 6042.
Package hyperref Info: Link nesting OFF on input line 6047.
Package hyperref Info: Hyper index ON on input line 6050.
Package hyperref Info: backreferencing OFF on input line 6057.
Package hyperref Info: Link coloring OFF on input line 6062.
Package hyperref Info: Link coloring with OCG OFF on input line 6067.
Package hyperref Info: PDF/A mode OFF on input line 6072.
 (/usr/local/texlive/2023/texmf-dist/tex/latex/base/atbegshi-ltx.sty
Package: atbegshi-ltx 2021/01/10 v1.0c Emulation of the original atbegshi
package with kernel methods
)
\Hy@abspage=\count390
\c@Item=\count391
\c@Hfootnote=\count392
)
Package hyperref Info: Driver (autodetected): hxetex.
 (/usr/local/texlive/2023/texmf-dist/tex/latex/hyperref/hxetex.def
File: hxetex.def 2023-02-07 v7.00v Hyperref driver for XeTeX
 (/usr/local/texlive/2023/texmf-dist/tex/generic/stringenc/stringenc.sty
Package: stringenc 2019/11/29 v1.12 Convert strings between diff. encodings (HO)
)
\pdfm@box=\box121
\c@Hy@AnnotLevel=\count393
\HyField@AnnotCount=\count394
\Fld@listcount=\count395
\c@bookmark@seq@number=\count396
 (/usr/local/texlive/2023/texmf-dist/tex/latex/rerunfilecheck/rerunfilecheck.sty
Package: rerunfilecheck 2022-07-10 v1.10 Rerun checks for auxiliary files (HO)
 (/usr/local/texlive/2023/texmf-dist/tex/latex/base/atveryend-ltx.sty
Package: atveryend-ltx 2020/08/19 v1.0a Emulation of the original atveryend package
with kernel methods
) (/usr/local/texlive/2023/texmf-dist/tex/generic/uniquecounter/uniquecounter.sty
Package: uniquecounter 2019/12/15 v1.4 Provide unlimited unique counter (HO)
)
Package uniquecounter Info: New unique counter `rerunfilecheck' on input line 285.
)
\Hy@SectionHShift=\skip74
)
Package hyperref Info: Option `colorlinks' set `true' on input line 74.
Package hyperref Info: Option `bookmarksnumbered' set `true' on input line 74.
\headwidth=\dimen346
\headrulewidth=\dimen347
\example@out=\write5
\savefboxrule=\skip75
\savefboxsep=\skip76
\@float@every@sourcecode=\toks50
\c@sourcecode=\count397
)
\c@minutes=\count398
\@indexfile=\write6
\openout6 = `lshort-zh-cn.idx'.


Writing index file lshort-zh-cn.idx
(./lshort-zh-cn.aux)
\openout1 = `lshort-zh-cn.aux'.

LaTeX Font Info:    Checking defaults for OML/cmm/m/it on input line 24.
LaTeX Font Info:    ... okay on input line 24.
LaTeX Font Info:    Checking defaults for OMS/cmsy/m/n on input line 24.
LaTeX Font Info:    ... okay on input line 24.
LaTeX Font Info:    Checking defaults for OT1/cmr/m/n on input line 24.
LaTeX Font Info:    ... okay on input line 24.
LaTeX Font Info:    Checking defaults for T1/cmr/m/n on input line 24.
LaTeX Font Info:    ... okay on input line 24.
LaTeX Font Info:    Checking defaults for TS1/cmr/m/n on input line 24.
LaTeX Font Info:    ... okay on input line 24.
LaTeX Font Info:    Checking defaults for TU/lmr/m/n on input line 24.
LaTeX Font Info:    ... okay on input line 24.
LaTeX Font Info:    Checking defaults for OMX/cmex/m/n on input line 24.
LaTeX Font Info:    ... okay on input line 24.
LaTeX Font Info:    Checking defaults for U/cmr/m/n on input line 24.
LaTeX Font Info:    ... okay on input line 24.
LaTeX Font Info:    Checking defaults for PD1/pdf/m/n on input line 24.
LaTeX Font Info:    ... okay on input line 24.
LaTeX Font Info:    Checking defaults for PU/pdf/m/n on input line 24.
LaTeX Font Info:    ... okay on input line 24.
Package caption Info: Begin \AtBeginDocument code.
Package caption Info: hyperref package is loaded.
Package caption Info: End \AtBeginDocument code.

*geometry* driver: auto-detecting
*geometry* detected driver: xetex
*geometry* verbose mode - [ preamble ] result:
* driver: xetex
* paper: a4paper
* layout: <same size as paper>
* layoutoffset:(h,v)=(0.0pt,0.0pt)
* modes: twoside 
* h-part:(L,W,R)=(72.26999pt, 416.83289pt, 108.405pt)
* v-part:(T,H,B)=(72.26999pt, 700.50687pt, 72.26999pt)
* \paperwidth=597.50787pt
* \paperheight=845.04684pt
* \textwidth=416.83289pt
* \textheight=700.50687pt
* \oddsidemargin=0.0pt
* \evensidemargin=36.13501pt
* \topmargin=-30.06749pt
* \headheight=13.6pt
* \headsep=18.06749pt
* \topskip=10.0pt
* \footskip=25.29494pt
* \marginparwidth=72.26999pt
* \marginparsep=7.0pt
* \columnsep=10.0pt
* \skip\footins=9.0pt plus 4.0pt minus 2.0pt
* \hoffset=0.0pt
* \voffset=0.0pt
* \mag=1000
* \@twocolumnfalse
* \@twosidetrue
* \@mparswitchtrue
* \@reversemarginfalse
* (1in=72.27pt=25.4mm, 1cm=28.453pt)

Package hyperref Info: Link coloring ON on input line 24.
(./lshort-zh-cn.out) (./lshort-zh-cn.out)
\@outlinefile=\write7
\openout7 = `lshort-zh-cn.out'.

 (./chap/titlepage.tex
LaTeX Font Info:    Trying to load font information for U+msa on input line 7.
 (/usr/local/texlive/2023/texmf-dist/tex/latex/amsfonts/umsa.fd
File: umsa.fd 2013/01/14 v3.01 AMS symbols A
)
LaTeX Font Info:    Trying to load font information for U+msb on input line 7.
 (/usr/local/texlive/2023/texmf-dist/tex/latex/amsfonts/umsb.fd
File: umsb.fd 2013/01/14 v3.01 AMS symbols B
)
LaTeX Font Info:    Trying to load font information for U+rsfs on input line 7.
 (/usr/local/texlive/2023/texmf-dist/tex/latex/jknapltx/ursfs.fd
File: ursfs.fd 1998/03/24 rsfs font definition file (jk)
)
LaTeX Font Info:    Trying to load font information for OMX+yhex on input line 7.
 (/usr/local/texlive/2023/texmf-dist/tex/latex/yhmath/OMXyhex.fd
File: OMXyhex.fd 
File: OMXyhex.fd 2013/07/03 v1.1 YH's humble contribution to TeX maths (NP)
) [1

]) [2] (./chap/preface.contrib.tex [1


] [2]

Package fontspec Warning: Font "FandolFang-Regular" does not contain requested
(fontspec)                Script "CJK".


Package fontspec Info: Font family 'FandolFang-Regular(0)' created for font
(fontspec)             'FandolFang-Regular' with options
(fontspec)             [Script={CJK},Extension={.otf}].
(fontspec)              
(fontspec)              This font family consists of the following NFSS
(fontspec)             series/shapes:
(fontspec)              
(fontspec)             - 'normal' (m/n) with NFSS spec.:
(fontspec)             <->"[FandolFang-Regular.otf]/OT:language=dflt;"
(fontspec)             - 'small caps'  (m/sc) with NFSS spec.: 

[3

]) (./chap/preface.overview.tex [4] [5

]) [6] (./lshort-zh-cn.toc [7

]

Package fontspec Warning: Font "FandolHei-Regular" does not contain requested
(fontspec)                Script "CJK".


Package fontspec Info: Font family 'FandolHei-Regular(0)' created for font
(fontspec)             'FandolHei-Regular' with options
(fontspec)             [Script={CJK},Extension={.otf},BoldFont={FandolHei-Bold}].
(fontspec)              
(fontspec)              This font family consists of the following NFSS
(fontspec)             series/shapes:
(fontspec)              
(fontspec)             - 'normal' (m/n) with NFSS spec.:
(fontspec)             <->"[FandolHei-Regular.otf]/OT:language=dflt;"
(fontspec)             - 'small caps'  (m/sc) with NFSS spec.: 
(fontspec)             - 'bold' (b/n) with NFSS spec.:
(fontspec)             <->"[FandolHei-Bold.otf]/OT:language=dflt;"
(fontspec)             - 'bold small caps'  (b/sc) with NFSS spec.: 

[8])
\tf@toc=\write8
\openout8 = `lshort-zh-cn.toc'.

 (./lshort-zh-cn.los)
\tf@los=\write9
\openout9 = `lshort-zh-cn.los'.

 [9] [10

] (./chap/chap.01.basics.tex
第一章
[1

] [2]
Package hyperref Info: bookmark level for unknown sourcecode defaults to 0 on input line 109.
 [3]
\openout5 = `lshort-zh-cn-example.aux'.

File: "lshort-zh-cn-example.aux"  (verbatim)
 (./lshort-zh-cn-example.aux) [4] [5] [6] [7] [8]) (./chap/chap.02.text.tex [9] [10

]
第二章
[11] [12]
\openout5 = `lshort-zh-cn-example.aux'.

File: "lshort-zh-cn-example.aux"  (verbatim)
 (./lshort-zh-cn-example.aux)
\openout5 = `lshort-zh-cn-example.aux'.

File: "lshort-zh-cn-example.aux"  (verbatim)
 (./lshort-zh-cn-example.aux)
\openout5 = `lshort-zh-cn-example.aux'.

File: "lshort-zh-cn-example.aux"  (verbatim)
 (./lshort-zh-cn-example.aux)
\openout5 = `lshort-zh-cn-example.aux'.

File: "lshort-zh-cn-example.aux"  (verbatim)
 (./lshort-zh-cn-example.aux) [13]
\openout5 = `lshort-zh-cn-example.aux'.

File: "lshort-zh-cn-example.aux"  (verbatim)
 (./lshort-zh-cn-example.aux)
\openout5 = `lshort-zh-cn-example.aux'.

File: "lshort-zh-cn-example.aux"  (verbatim)
 (./lshort-zh-cn-example.aux)
\openout5 = `lshort-zh-cn-example.aux'.

File: "lshort-zh-cn-example.aux"  (verbatim)
 (./lshort-zh-cn-example.aux)
\openout5 = `lshort-zh-cn-example.aux'.

File: "lshort-zh-cn-example.aux"  (verbatim)
 (./lshort-zh-cn-example.aux)
\openout5 = `lshort-zh-cn-example.aux'.

 [14]
File: "lshort-zh-cn-example.aux"  (verbatim)
 (./lshort-zh-cn-example.aux) [15]
\openout5 = `lshort-zh-cn-example.aux'.

File: "lshort-zh-cn-example.aux"  (verbatim)
 (./lshort-zh-cn-example.aux)
\openout5 = `lshort-zh-cn-example.aux'.

File: "lshort-zh-cn-example.aux"  (verbatim)
 (./lshort-zh-cn-example.aux)
\openout5 = `lshort-zh-cn-example.aux'.

File: "lshort-zh-cn-example.aux"  (verbatim)
 (./lshort-zh-cn-example.aux)
Underfull \hbox (badness 10000) in paragraph at lines 1--353
\TU/FandolSong-Regular(0)/m/n/10 与 使 用 [][]\TU/cmun(2)/m/n/10 \linebreak []\TU/FandolSong-Regular(0)/m/n/10 断 行 的 效 果
 []

[16]
\openout5 = `lshort-zh-cn-example.aux'.

File: "lshort-zh-cn-example.aux"  (verbatim)
 (./lshort-zh-cn-example.aux)) (./chap/chap.03.elements.tex [17] [18

]
第三章
[19] [20] [21]
\openout5 = `lshort-zh-cn-example.aux'.

File: "lshort-zh-cn-example.aux"  (verbatim)
 (./lshort-zh-cn-example.aux) [22]
\openout5 = `lshort-zh-cn-example.aux'.

File: "lshort-zh-cn-example.aux"  (verbatim)
 (./lshort-zh-cn-example.aux)
\openout5 = `lshort-zh-cn-example.aux'.

File: "lshort-zh-cn-example.aux"  (verbatim)
 (./lshort-zh-cn-example.aux) [23]
\openout5 = `lshort-zh-cn-example.aux'.

File: "lshort-zh-cn-example.aux"  (verbatim)
 (./lshort-zh-cn-example.aux)
\openout5 = `lshort-zh-cn-example.aux'.

File: "lshort-zh-cn-example.aux"  (verbatim)
 (./lshort-zh-cn-example.aux)
\openout5 = `lshort-zh-cn-example.aux'.

File: "lshort-zh-cn-example.aux"  (verbatim)
 (./lshort-zh-cn-example.aux) [24]
\openout5 = `lshort-zh-cn-example.aux'.

File: "lshort-zh-cn-example.aux"  (verbatim)
 (./lshort-zh-cn-example.aux)
\openout5 = `lshort-zh-cn-example.aux'.

File: "lshort-zh-cn-example.aux"  (verbatim)
 (./lshort-zh-cn-example.aux)
\openout5 = `lshort-zh-cn-example.aux'.

File: "lshort-zh-cn-example.aux"  (verbatim)
 (./lshort-zh-cn-example.aux)
\openout5 = `lshort-zh-cn-example.aux'.

File: "lshort-zh-cn-example.aux"  (verbatim)
 (./lshort-zh-cn-example.aux) [25]
\openout5 = `lshort-zh-cn-example.aux'.

File: "lshort-zh-cn-example.aux"  (verbatim)
 (./lshort-zh-cn-example.aux)
\openout5 = `lshort-zh-cn-example.aux'.

File: "lshort-zh-cn-example.aux"  (verbatim)
 (./lshort-zh-cn-example.aux)
\openout5 = `lshort-zh-cn-example.aux'.

File: "lshort-zh-cn-example.aux"  (verbatim)
 (./lshort-zh-cn-example.aux)
\openout5 = `lshort-zh-cn-example.aux'.

 [26]
File: "lshort-zh-cn-example.aux"  (verbatim)
 (./lshort-zh-cn-example.aux)
\openout5 = `lshort-zh-cn-example.aux'.

File: "lshort-zh-cn-example.aux"  (verbatim)
 (./lshort-zh-cn-example.aux)
\openout5 = `lshort-zh-cn-example.aux'.

File: "lshort-zh-cn-example.aux"  (verbatim)
 (./lshort-zh-cn-example.aux) [27]
\openout5 = `lshort-zh-cn-example.aux'.

File: "lshort-zh-cn-example.aux"  (verbatim)
 (./lshort-zh-cn-example.aux)
\openout5 = `lshort-zh-cn-example.aux'.

File: "lshort-zh-cn-example.aux"  (verbatim)
 (./lshort-zh-cn-example.aux)
\openout5 = `lshort-zh-cn-example.aux'.

File: "lshort-zh-cn-example.aux"  (verbatim)
 (./lshort-zh-cn-example.aux) [28]
\openout5 = `lshort-zh-cn-example.aux'.

File: "lshort-zh-cn-example.aux"  (verbatim)
 (./lshort-zh-cn-example.aux)
\openout5 = `lshort-zh-cn-example.aux'.

File: "lshort-zh-cn-example.aux"  (verbatim)
 (./lshort-zh-cn-example.aux)
\openout5 = `lshort-zh-cn-example.aux'.

File: "lshort-zh-cn-example.aux"  (verbatim)
 (./lshort-zh-cn-example.aux)
\openout5 = `lshort-zh-cn-example.aux'.

File: "lshort-zh-cn-example.aux"  (verbatim)
 (./lshort-zh-cn-example.aux) [29]
\openout5 = `lshort-zh-cn-example.aux'.

File: "lshort-zh-cn-example.aux"  (verbatim)
 (./lshort-zh-cn-example.aux)
\openout5 = `lshort-zh-cn-example.aux'.

File: "lshort-zh-cn-example.aux"  (verbatim)
 (./lshort-zh-cn-example.aux)
\openout5 = `lshort-zh-cn-example.aux'.

File: "lshort-zh-cn-example.aux"  (verbatim)
 (./lshort-zh-cn-example.aux) [30]
\openout5 = `lshort-zh-cn-example.aux'.

File: "lshort-zh-cn-example.aux"  (verbatim)
 (./lshort-zh-cn-example.aux)
\openout5 = `lshort-zh-cn-example.aux'.

File: "lshort-zh-cn-example.aux"  (verbatim)
 (./lshort-zh-cn-example.aux)
\openout5 = `lshort-zh-cn-example.aux'.

File: "lshort-zh-cn-example.aux"  (verbatim)
 (./lshort-zh-cn-example.aux) [31]
\openout5 = `lshort-zh-cn-example.aux'.

File: "lshort-zh-cn-example.aux"  (verbatim)
 (./lshort-zh-cn-example.aux) [32]
\openout5 = `lshort-zh-cn-example.aux'.

File: "lshort-zh-cn-example.aux"  (verbatim)
 (./lshort-zh-cn-example.aux
Underfull \hbox (badness 10000) detected at line 5
\TU/cmun(0)/m/n/10 Test some words.
 []

) [33]
\openout5 = `lshort-zh-cn-example.aux'.

File: "lshort-zh-cn-example.aux"  (verbatim)
 (./lshort-zh-cn-example.aux)
\openout5 = `lshort-zh-cn-example.aux'.

File: "lshort-zh-cn-example.aux"  (verbatim)
 (./lshort-zh-cn-example.aux)
\openout5 = `lshort-zh-cn-example.aux'.

File: "lshort-zh-cn-example.aux"  (verbatim)
 (./lshort-zh-cn-example.aux)
\openout5 = `lshort-zh-cn-example.aux'.

File: "lshort-zh-cn-example.aux"  (verbatim)
 (./lshort-zh-cn-example.aux)
\openout5 = `lshort-zh-cn-example.aux'.

File: "lshort-zh-cn-example.aux"  (verbatim)
 (./lshort-zh-cn-example.aux) [34] [35] [36] [37]) (./chap/chap.04.math.tex [38]
第四章
\openout5 = `lshort-zh-cn-example.aux'.

File: "lshort-zh-cn-example.aux"  (verbatim)
(./lshort-zh-cn-example.aux)
\openout5 = `lshort-zh-cn-example.aux'.

File: "lshort-zh-cn-example.aux"  (verbatim)
 (./lshort-zh-cn-example.aux)
\openout5 = `lshort-zh-cn-example.aux'.

File: "lshort-zh-cn-example.aux"  (verbatim)
 (./lshort-zh-cn-example.aux) [39

]
\openout5 = `lshort-zh-cn-example.aux'.

File: "lshort-zh-cn-example.aux"  (verbatim)
 (./lshort-zh-cn-example.aux)
\openout5 = `lshort-zh-cn-example.aux'.

File: "lshort-zh-cn-example.aux"  (verbatim)
 (./lshort-zh-cn-example.aux) [40]
\openout5 = `lshort-zh-cn-example.aux'.

File: "lshort-zh-cn-example.aux"  (verbatim)
 (./lshort-zh-cn-example.aux)
\openout5 = `lshort-zh-cn-example.aux'.

File: "lshort-zh-cn-example.aux"  (verbatim)
 (./lshort-zh-cn-example.aux)
\openout5 = `lshort-zh-cn-example.aux'.

File: "lshort-zh-cn-example.aux"  (verbatim)
 (./lshort-zh-cn-example.aux)
\openout5 = `lshort-zh-cn-example.aux'.

File: "lshort-zh-cn-example.aux"  (verbatim)
 (./lshort-zh-cn-example.aux)
\openout5 = `lshort-zh-cn-example.aux'.

 [41]
File: "lshort-zh-cn-example.aux"  (verbatim)
 (./lshort-zh-cn-example.aux)
\openout5 = `lshort-zh-cn-example.aux'.

File: "lshort-zh-cn-example.aux"  (verbatim)
 (./lshort-zh-cn-example.aux)
\openout5 = `lshort-zh-cn-example.aux'.

File: "lshort-zh-cn-example.aux"  (verbatim)
 (./lshort-zh-cn-example.aux)
\openout5 = `lshort-zh-cn-example.aux'.

File: "lshort-zh-cn-example.aux"  (verbatim)
 (./lshort-zh-cn-example.aux)
\openout5 = `lshort-zh-cn-example.aux'.

File: "lshort-zh-cn-example.aux"  (verbatim)
 (./lshort-zh-cn-example.aux) [42]
\openout5 = `lshort-zh-cn-example.aux'.

File: "lshort-zh-cn-example.aux"  (verbatim)
 (./lshort-zh-cn-example.aux)
\openout5 = `lshort-zh-cn-example.aux'.

File: "lshort-zh-cn-example.aux"  (verbatim)
 (./lshort-zh-cn-example.aux)
\openout5 = `lshort-zh-cn-example.aux'.

File: "lshort-zh-cn-example.aux"  (verbatim)
 (./lshort-zh-cn-example.aux)
\openout5 = `lshort-zh-cn-example.aux'.

File: "lshort-zh-cn-example.aux"  (verbatim)
 (./lshort-zh-cn-example.aux) [43]
\openout5 = `lshort-zh-cn-example.aux'.

File: "lshort-zh-cn-example.aux"  (verbatim)
 (./lshort-zh-cn-example.aux)
\openout5 = `lshort-zh-cn-example.aux'.

File: "lshort-zh-cn-example.aux"  (verbatim)
 (./lshort-zh-cn-example.aux)
\openout5 = `lshort-zh-cn-example.aux'.

File: "lshort-zh-cn-example.aux"  (verbatim)
 (./lshort-zh-cn-example.aux)
\openout5 = `lshort-zh-cn-example.aux'.

File: "lshort-zh-cn-example.aux"  (verbatim)
 (./lshort-zh-cn-example.aux) [44]
\openout5 = `lshort-zh-cn-example.aux'.

File: "lshort-zh-cn-example.aux"  (verbatim)
 (./lshort-zh-cn-example.aux)
\openout5 = `lshort-zh-cn-example.aux'.

File: "lshort-zh-cn-example.aux"  (verbatim)
 (./lshort-zh-cn-example.aux)
\openout5 = `lshort-zh-cn-example.aux'.

File: "lshort-zh-cn-example.aux"  (verbatim)
 (./lshort-zh-cn-example.aux)
\openout5 = `lshort-zh-cn-example.aux'.

File: "lshort-zh-cn-example.aux"  (verbatim)
 (./lshort-zh-cn-example.aux) [45]
\openout5 = `lshort-zh-cn-example.aux'.

File: "lshort-zh-cn-example.aux"  (verbatim)
 (./lshort-zh-cn-example.aux)
\openout5 = `lshort-zh-cn-example.aux'.

File: "lshort-zh-cn-example.aux"  (verbatim)
 (./lshort-zh-cn-example.aux)
\openout5 = `lshort-zh-cn-example.aux'.

File: "lshort-zh-cn-example.aux"  (verbatim)
 (./lshort-zh-cn-example.aux)
\openout5 = `lshort-zh-cn-example.aux'.

File: "lshort-zh-cn-example.aux"  (verbatim)
 (./lshort-zh-cn-example.aux) [46]
\openout5 = `lshort-zh-cn-example.aux'.

File: "lshort-zh-cn-example.aux"  (verbatim)
 (./lshort-zh-cn-example.aux)
\openout5 = `lshort-zh-cn-example.aux'.

File: "lshort-zh-cn-example.aux"  (verbatim)
 (./lshort-zh-cn-example.aux)
\openout5 = `lshort-zh-cn-example.aux'.

File: "lshort-zh-cn-example.aux"  (verbatim)
 (./lshort-zh-cn-example.aux)
\openout5 = `lshort-zh-cn-example.aux'.

File: "lshort-zh-cn-example.aux"  (verbatim)
 (./lshort-zh-cn-example.aux)
\openout5 = `lshort-zh-cn-example.aux'.

 [47]
File: "lshort-zh-cn-example.aux"  (verbatim)
 (./lshort-zh-cn-example.aux)
\openout5 = `lshort-zh-cn-example.aux'.

File: "lshort-zh-cn-example.aux"  (verbatim)
 (./lshort-zh-cn-example.aux)
\openout5 = `lshort-zh-cn-example.aux'.

File: "lshort-zh-cn-example.aux"  (verbatim)
 (./lshort-zh-cn-example.aux)
\testdimen=\dimen348
 [48]
\openout5 = `lshort-zh-cn-example.aux'.

File: "lshort-zh-cn-example.aux"  (verbatim)
 (./lshort-zh-cn-example.aux)
\openout5 = `lshort-zh-cn-example.aux'.

File: "lshort-zh-cn-example.aux"  (verbatim)
 (./lshort-zh-cn-example.aux)
\openout5 = `lshort-zh-cn-example.aux'.

File: "lshort-zh-cn-example.aux"  (verbatim)
 (./lshort-zh-cn-example.aux
LaTeX Font Info:    Trying to load font information for U+euf on input line 2.
 (/usr/local/texlive/2023/texmf-dist/tex/latex/amsfonts/ueuf.fd
File: ueuf.fd 2013/01/14 v3.01 Euler Fraktur
))
LaTeX Font Info:    Trying to load font information for U+eus on input line 692.
 (/usr/local/texlive/2023/texmf-dist/tex/latex/amsfonts/ueus.fd
File: ueus.fd 2013/01/14 v3.01 Euler Script
)
\openout5 = `lshort-zh-cn-example.aux'.

 [49]
File: "lshort-zh-cn-example.aux"  (verbatim)
 (./lshort-zh-cn-example.aux)
\openout5 = `lshort-zh-cn-example.aux'.

File: "lshort-zh-cn-example.aux"  (verbatim)
 (./lshort-zh-cn-example.aux)
\openout5 = `lshort-zh-cn-example.aux'.

File: "lshort-zh-cn-example.aux"  (verbatim)
 (./lshort-zh-cn-example.aux) [50]
\openout5 = `lshort-zh-cn-example.aux'.

File: "lshort-zh-cn-example.aux"  (verbatim)
 (./lshort-zh-cn-example.aux
\c@mythm=\count399
) [51]
\c@law=\count400
\openout5 = `lshort-zh-cn-example.aux'.

File: "lshort-zh-cn-example.aux"  (verbatim)
 (./lshort-zh-cn-example.aux)
\openout5 = `lshort-zh-cn-example.aux'.

File: "lshort-zh-cn-example.aux"  (verbatim)
 (./lshort-zh-cn-example.aux)
\openout5 = `lshort-zh-cn-example.aux'.

File: "lshort-zh-cn-example.aux"  (verbatim)
 (./lshort-zh-cn-example.aux)
\openout5 = `lshort-zh-cn-example.aux'.

File: "lshort-zh-cn-example.aux"  (verbatim)
 (./lshort-zh-cn-example.aux) [52]
\openout5 = `lshort-zh-cn-example.aux'.

File: "lshort-zh-cn-example.aux"  (verbatim)
 (./lshort-zh-cn-example.aux)
\openout5 = `lshort-zh-cn-example.aux'.

File: "lshort-zh-cn-example.aux"  (verbatim)
 (./lshort-zh-cn-example.aux)) (./chap/sec.symbol.table.tex [53] [54

] [55] [56] [57]) (./chap/chap.05.style.tex [58

] [59] [60]
第五章
\openout5 = `lshort-zh-cn-example.aux'.

File: "lshort-zh-cn-example.aux"  (verbatim)
(./lshort-zh-cn-example.aux)
\openout5 = `lshort-zh-cn-example.aux'.

File: "lshort-zh-cn-example.aux"  (verbatim)
 (./lshort-zh-cn-example.aux) [61

] [62] [63] [64]
\openout5 = `lshort-zh-cn-example.aux'.

File: "lshort-zh-cn-example.aux"  (verbatim)
 (./lshort-zh-cn-example.aux)
\openout5 = `lshort-zh-cn-example.aux'.

 [65]
File: "lshort-zh-cn-example.aux"  (verbatim)
 (./lshort-zh-cn-example.aux)
\openout5 = `lshort-zh-cn-example.aux'.

File: "lshort-zh-cn-example.aux"  (verbatim)
 (./lshort-zh-cn-example.aux) [66]
\openout5 = `lshort-zh-cn-example.aux'.

File: "lshort-zh-cn-example.aux"  (verbatim)
 (./lshort-zh-cn-example.aux)
\openout5 = `lshort-zh-cn-example.aux'.

File: "lshort-zh-cn-example.aux"  (verbatim)
 (./lshort-zh-cn-example.aux)
\openout5 = `lshort-zh-cn-example.aux'.

File: "lshort-zh-cn-example.aux"  (verbatim)
 (./lshort-zh-cn-example.aux) [67]
\openout5 = `lshort-zh-cn-example.aux'.

File: "lshort-zh-cn-example.aux"  (verbatim)
 (./lshort-zh-cn-example.aux)
\openout5 = `lshort-zh-cn-example.aux'.

File: "lshort-zh-cn-example.aux"  (verbatim)
 (./lshort-zh-cn-example.aux)
\openout5 = `lshort-zh-cn-example.aux'.

File: "lshort-zh-cn-example.aux"  (verbatim)
 (./lshort-zh-cn-example.aux) [68]
\openout5 = `lshort-zh-cn-example.aux'.

File: "lshort-zh-cn-example.aux"  (verbatim)
 (./lshort-zh-cn-example.aux)
\openout5 = `lshort-zh-cn-example.aux'.

File: "lshort-zh-cn-example.aux"  (verbatim)
 (./lshort-zh-cn-example.aux)
\openout5 = `lshort-zh-cn-example.aux'.

File: "lshort-zh-cn-example.aux"  (verbatim)
 (./lshort-zh-cn-example.aux) [69] [70] [71] [72] [73]) (./chap/chap.06.spec.tex [74]
第六章
[75

] [76] [77] [78] [79] [80] [81] [82]
\openout5 = `lshort-zh-cn-example.aux'.

File: "lshort-zh-cn-example.aux"  (verbatim)
 (./lshort-zh-cn-example.aux)
\openout5 = `lshort-zh-cn-example.aux'.

File: "lshort-zh-cn-example.aux"  (verbatim)
 (./lshort-zh-cn-example.aux)
\openout5 = `lshort-zh-cn-example.aux'.

File: "lshort-zh-cn-example.aux"  (verbatim)
 (./lshort-zh-cn-example.aux) [83]
\openout5 = `lshort-zh-cn-example.aux'.

File: "lshort-zh-cn-example.aux"  (verbatim)
 (./lshort-zh-cn-example.aux) [84]
\openout5 = `lshort-zh-cn-example.aux'.

File: "lshort-zh-cn-example.aux"  (verbatim)
 (./lshort-zh-cn-example.aux) [85]) (./chap/chap.07.graphic.tex [86]
第七章
LaTeX Font Info:    Trying to load font information for U+logo on input line 26.
(/usr/local/texlive/2023/texmf-dist/tex/latex/mflogo/ulogo.fd
File: ulogo.fd 1999/03/10 v2.0 LaTeX font defs for Metafont and MetaPost logos
) [87

]
\openout5 = `lshort-zh-cn-example.aux'.

File: "lshort-zh-cn-example.aux"  (verbatim)
 (./lshort-zh-cn-example.aux)
\openout5 = `lshort-zh-cn-example.aux'.

File: "lshort-zh-cn-example.aux"  (verbatim)
 (./lshort-zh-cn-example.aux)
\openout5 = `lshort-zh-cn-example.aux'.

File: "lshort-zh-cn-example.aux"  (verbatim)
 (./lshort-zh-cn-example.aux)
\openout5 = `lshort-zh-cn-example.aux'.

File: "lshort-zh-cn-example.aux"  (verbatim)
 (./lshort-zh-cn-example.aux) [88]
\openout5 = `lshort-zh-cn-example.aux'.

File: "lshort-zh-cn-example.aux"  (verbatim)
 (./lshort-zh-cn-example.aux)
\openout5 = `lshort-zh-cn-example.aux'.

File: "lshort-zh-cn-example.aux"  (verbatim)
 (./lshort-zh-cn-example.aux)
\openout5 = `lshort-zh-cn-example.aux'.

File: "lshort-zh-cn-example.aux"  (verbatim)
 (./lshort-zh-cn-example.aux)
\openout5 = `lshort-zh-cn-example.aux'.

File: "lshort-zh-cn-example.aux"  (verbatim)
 (./lshort-zh-cn-example.aux)
\openout5 = `lshort-zh-cn-example.aux'.

File: "lshort-zh-cn-example.aux"  (verbatim)
 (./lshort-zh-cn-example.aux) [89]
\openout5 = `lshort-zh-cn-example.aux'.

File: "lshort-zh-cn-example.aux"  (verbatim)
 (./lshort-zh-cn-example.aux)
\openout5 = `lshort-zh-cn-example.aux'.

File: "lshort-zh-cn-example.aux"  (verbatim)
 (./lshort-zh-cn-example.aux)
\openout5 = `lshort-zh-cn-example.aux'.

File: "lshort-zh-cn-example.aux"  (verbatim)
 (./lshort-zh-cn-example.aux) [90]
\openout5 = `lshort-zh-cn-example.aux'.

File: "lshort-zh-cn-example.aux"  (verbatim)
 (./lshort-zh-cn-example.aux)
\openout5 = `lshort-zh-cn-example.aux'.

File: "lshort-zh-cn-example.aux"  (verbatim)
 (./lshort-zh-cn-example.aux)
\openout5 = `lshort-zh-cn-example.aux'.

File: "lshort-zh-cn-example.aux"  (verbatim)
 (./lshort-zh-cn-example.aux)
\openout5 = `lshort-zh-cn-example.aux'.

File: "lshort-zh-cn-example.aux"  (verbatim)
 (./lshort-zh-cn-example.aux) [91]
\openout5 = `lshort-zh-cn-example.aux'.

File: "lshort-zh-cn-example.aux"  (verbatim)
 (./lshort-zh-cn-example.aux)
\openout5 = `lshort-zh-cn-example.aux'.

File: "lshort-zh-cn-example.aux"  (verbatim)
 (./lshort-zh-cn-example.aux)
\openout5 = `lshort-zh-cn-example.aux'.

File: "lshort-zh-cn-example.aux"  (verbatim)
 (./lshort-zh-cn-example.aux)
\openout5 = `lshort-zh-cn-example.aux'.

File: "lshort-zh-cn-example.aux"  (verbatim)
 (./lshort-zh-cn-example.aux) [92]
\openout5 = `lshort-zh-cn-example.aux'.

File: "lshort-zh-cn-example.aux"  (verbatim)
 (./lshort-zh-cn-example.aux
LaTeX Font Info:    Font shape `TU/cmun(1)/m/sl' in size <10> not available
(Font)              Font shape `TU/cmun(1)/m/it' tried instead on input line 8.
)
\openout5 = `lshort-zh-cn-example.aux'.

File: "lshort-zh-cn-example.aux"  (verbatim)
 (./lshort-zh-cn-example.aux)
\openout5 = `lshort-zh-cn-example.aux'.

File: "lshort-zh-cn-example.aux"  (verbatim)
 (./lshort-zh-cn-example.aux) [93]
\openout5 = `lshort-zh-cn-example.aux'.

File: "lshort-zh-cn-example.aux"  (verbatim)
 (./lshort-zh-cn-example.aux)
\openout5 = `lshort-zh-cn-example.aux'.

File: "lshort-zh-cn-example.aux"  (verbatim)
 (./lshort-zh-cn-example.aux)) (./chap/chap.08.custom.tex [94]
第八章
\openout5 = `lshort-zh-cn-example.aux'.

File: "lshort-zh-cn-example.aux"  (verbatim)
(./lshort-zh-cn-example.aux)
\openout5 = `lshort-zh-cn-example.aux'.

File: "lshort-zh-cn-example.aux"  (verbatim)
 (./lshort-zh-cn-example.aux) [95

]
\openout5 = `lshort-zh-cn-example.aux'.

File: "lshort-zh-cn-example.aux"  (verbatim)
 (./lshort-zh-cn-example.aux)
\openout5 = `lshort-zh-cn-example.aux'.

File: "lshort-zh-cn-example.aux"  (verbatim)
 (./lshort-zh-cn-example.aux) [96]
\openout5 = `lshort-zh-cn-example.aux'.

File: "lshort-zh-cn-example.aux"  (verbatim)
 (./lshort-zh-cn-example.aux) [97]
\openout5 = `lshort-zh-cn-example.aux'.

File: "lshort-zh-cn-example.aux"  (verbatim)
 (./lshort-zh-cn-example.aux) [98] [99] [100]) (./chap/app.A.install.tex [101] [102]
附录 A
[103

] [104]) (./chap/app.B.error.help.tex [105] [106

]
附录 B
[107] [108] [109] [110]) [111] [112

] (./chap/biblio.tex [113

]) (./chap/fdl.tex [114] [115

] [116] [117] [118] [119])
No file lshort-zh-cn.ind.
[120] (./lshort-zh-cn.aux)
Package rerunfilecheck Info: File `lshort-zh-cn.out' has not changed.
(rerunfilecheck)             Checksum: EFE111D2C35C73E4A82146E4AD98C74C;25224.
 ) 
Here is how much of TeX's memory you used:
 32775 strings out of 476683
 756465 string characters out of 5804047
 1903018 words of memory out of 5000000
 51957 multiletter control sequences out of 15000+600000
 552605 words of font info for 287 fonts, out of 8000000 for 9000
 1348 hyphenation exceptions out of 8191
 103i,23n,111p,689b,905s stack positions out of 10000i,1000n,20000p,200000b,200000s

Output written on lshort-zh-cn.pdf (132 pages).
